[1023/151613.361:ERROR:directory_reader_win.cc(43)] FindFirstFile: ??????? ?? ??????? ????? ????????? ????. (0x3)
[1023/151753.199:ERROR:process_memory_win.cc(73)] ReadMemory at 0x13f1d0000 of 64 bytes failed: ?????? ReadProcessMemory ??? WriteProcessMemory ??? ???????? ?????? ????????. (0x12B)
[1023/151753.199:WARNING:pe_image_reader.cc(340)] could not read dos header from C:\Program Files (x86)\Google\Chrome\Application\chrome.exe
[1023/151753.199:ERROR:process_memory_win.cc(73)] ReadMemory at 0x77bb0000 of 64 bytes failed: ?????? ReadProcessMemory ??? WriteProcessMemory ??? ???????? ?????? ????????. (0x12B)
[1023/151753.199:WARNING:pe_image_reader.cc(340)] could not read dos header from C:\Windows\SYSTEM32\ntdll.dll
[1023/151753.200:ERROR:process_memory_win.cc(73)] ReadMemory at 0x77990000 of 64 bytes failed: ?????? ReadProcessMemory ??? WriteProcessMemory ??? ???????? ?????? ????????. (0x12B)
[1023/151753.200:WARNING:pe_image_reader.cc(340)] could not read dos header from C:\Windows\system32\kernel32.dll
[1023/151753.200:ERROR:process_memory_win.cc(73)] ReadMemory at 0x7fefd9b0000 of 64 bytes failed: ?????? ReadProcessMemory ??? WriteProcessMemory ??? ???????? ?????? ????????. (0x12B)
[1023/151753.200:WARNING:pe_image_reader.cc(340)] could not read dos header from C:\Windows\system32\KERNELBASE.dll
[1023/151753.200:ERROR:process_memory_win.cc(73)] ReadMemory at 0x7fee03b0000 of 64 bytes failed: ?????? ReadProcessMemory ??? WriteProcessMemory ??? ???????? ?????? ????????. (0x12B)
[1023/151753.200:WARNING:pe_image_reader.cc(340)] could not read dos header from C:\Program Files (x86)\Google\Chrome\Application\86.0.4240.111\chrome_elf.dll
[1023/151753.200:ERROR:process_memory_win.cc(73)] ReadMemory at 0x7fefcca0000 of 64 bytes failed: ?????? ReadProcessMemory ??? WriteProcessMemory ??? ???????? ?????? ????????. (0x12B)
[1023/151753.200:WARNING:pe_image_reader.cc(340)] could not read dos header from C:\Windows\system32\VERSION.dll
[1023/151753.200:ERROR:process_memory_win.cc(73)] ReadMemory at 0x7fefe7d0000 of 64 bytes failed: ?????? ReadProcessMemory ??? WriteProcessMemory ??? ???????? ?????? ????????. (0x12B)
[1023/151753.200:WARNING:pe_image_reader.cc(340)] could not read dos header from C:\Windows\system32\msvcrt.dll
[1023/151753.200:ERROR:process_memory_win.cc(73)] ReadMemory at 0x7fef9850000 of 64 bytes failed: ?????? ReadProcessMemory ??? WriteProcessMemory ??? ???????? ?????? ????????. (0x12B)
[1023/151753.200:WARNING:pe_image_reader.cc(340)] could not read dos header from C:\Windows\system32\api-ms-win-core-synch-l1-2-0.DLL
[1023/151753.200:ERROR:process_memory_win.cc(73)] ReadMemory at 0x7fefe550000 of 64 bytes failed: ?????? ReadProcessMemory ??? WriteProcessMemory ??? ???????? ?????? ????????. (0x12B)
[1023/151753.200:WARNING:pe_image_reader.cc(340)] could not read dos header from C:\Windows\system32\GDI32.dll
[1023/151753.200:ERROR:process_memory_win.cc(73)] ReadMemory at 0xb80000 of 64 bytes failed: ?????? ReadProcessMemory ??? WriteProcessMemory ??? ???????? ?????? ????????. (0x12B)
[1023/151753.200:WARNING:pe_image_reader.cc(340)] could not read dos header from C:\Windows\system32\USER32.dll
[1023/151753.200:ERROR:process_memory_win.cc(73)] ReadMemory at 0x7feff9f0000 of 64 bytes failed: ?????? ReadProcessMemory ??? WriteProcessMemory ??? ???????? ?????? ????????. (0x12B)
[1023/151753.200:WARNING:pe_image_reader.cc(340)] could not read dos header from C:\Windows\system32\LPK.dll
[1023/151753.200:ERROR:process_memory_win.cc(73)] ReadMemory at 0x7feffa10000 of 64 bytes failed: ?????? ReadProcessMemory ??? WriteProcessMemory ??? ???????? ?????? ????????. (0x12B)
[1023/151753.200:WARNING:pe_image_reader.cc(340)] could not read dos header from C:\Windows\system32\USP10.dll
[1023/151753.200:ERROR:process_memory_win.cc(73)] ReadMemory at 0x7feff9c0000 of 64 bytes failed: ?????? ReadProcessMemory ??? WriteProcessMemory ??? ???????? ?????? ????????. (0x12B)
[1023/151753.200:WARNING:pe_image_reader.cc(340)] could not read dos header from C:\Windows\system32\IMM32.DLL
[1023/151753.200:ERROR:process_memory_win.cc(73)] ReadMemory at 0x7feff8b0000 of 64 bytes failed: ?????? ReadProcessMemory ??? WriteProcessMemory ??? ???????? ?????? ????????. (0x12B)
[1023/151753.200:WARNING:pe_image_reader.cc(340)] could not read dos header from C:\Windows\system32\MSCTF.dll
[1023/151753.200:ERROR:process_memory_win.cc(73)] ReadMemory at 0x7fefdcb0000 of 64 bytes failed: ?????? ReadProcessMemory ??? WriteProcessMemory ??? ???????? ?????? ????????. (0x12B)
[1023/151753.200:WARNING:pe_image_reader.cc(340)] could not read dos header from C:\Windows\system32\ADVAPI32.dll
[1023/151753.200:ERROR:process_memory_win.cc(73)] ReadMemory at 0x7feff890000 of 64 bytes failed: ?????? ReadProcessMemory ??? WriteProcessMemory ??? ???????? ?????? ????????. (0x12B)
[1023/151753.200:WARNING:pe_image_reader.cc(340)] could not read dos header from C:\Windows\SYSTEM32\sechost.dll
[1023/151753.201:ERROR:process_memory_win.cc(73)] ReadMemory at 0x7fefe5c0000 of 64 bytes failed: ?????? ReadProcessMemory ??? WriteProcessMemory ??? ???????? ?????? ????????. (0x12B)
[1023/151753.201:WARNING:pe_image_reader.cc(340)] could not read dos header from C:\Windows\system32\RPCRT4.dll
[1023/151753.201:ERROR:process_memory_win.cc(73)] ReadMemory at 0x7fed6120000 of 64 bytes failed: ?????? ReadProcessMemory ??? WriteProcessMemory ??? ???????? ?????? ????????. (0x12B)
[1023/151753.201:WARNING:pe_image_reader.cc(340)] could not read dos header from C:\Program Files (x86)\Google\Chrome\Application\86.0.4240.111\chrome.dll
[1023/151753.201:ERROR:process_memory_win.cc(73)] ReadMemory at 0x7fee04b0000 of 64 bytes failed: ?????? ReadProcessMemory ??? WriteProcessMemory ??? ???????? ?????? ????????. (0x12B)
[1023/151753.201:WARNING:pe_image_reader.cc(340)] could not read dos header from C:\Windows\system32\dbghelp.dll
[1023/151753.201:ERROR:process_memory_win.cc(73)] ReadMemory at 0x7feffe20000 of 64 bytes failed: ?????? ReadProcessMemory ??? WriteProcessMemory ??? ???????? ?????? ????????. (0x12B)
[1023/151753.201:WARNING:pe_image_reader.cc(340)] could not read dos header from C:\Windows\system32\WS2_32.dll
[1023/151753.201:ERROR:process_memory_win.cc(73)] ReadMemory at 0x7feffa00000 of 64 bytes failed: ?????? ReadProcessMemory ??? WriteProcessMemory ??? ???????? ?????? ????????. (0x12B)
[1023/151753.201:WARNING:pe_image_reader.cc(340)] could not read dos header from C:\Windows\system32\NSI.dll
[1023/151753.201:ERROR:process_memory_win.cc(73)] ReadMemory at 0x7fefb610000 of 64 bytes failed: ?????? ReadProcessMemory ??? WriteProcessMemory ??? ???????? ?????? ????????. (0x12B)
[1023/151753.201:WARNING:pe_image_reader.cc(340)] could not read dos header from C:\Windows\system32\IPHLPAPI.DLL
[1023/151753.201:ERROR:process_memory_win.cc(73)] ReadMemory at 0x7fefb600000 of 64 bytes failed: ?????? ReadProcessMemory ??? WriteProcessMemory ??? ???????? ?????? ????????. (0x12B)
[1023/151753.201:WARNING:pe_image_reader.cc(340)] could not read dos header from C:\Windows\system32\WINNSI.DLL
[1023/151753.201:ERROR:process_memory_win.cc(73)] ReadMemory at 0x7fefe6f0000 of 64 bytes failed: ?????? ReadProcessMemory ??? WriteProcessMemory ??? ???????? ?????? ????????. (0x12B)
[1023/151753.201:WARNING:pe_image_reader.cc(340)] could not read dos header from C:\Windows\system32\OLEAUT32.dll
[1023/151753.201:ERROR:process_memory_win.cc(73)] ReadMemory at 0x7feffb60000 of 64 bytes failed: ?????? ReadProcessMemory ??? WriteProcessMemory ??? ???????? ?????? ????????. (0x12B)
[1023/151753.201:WARNING:pe_image_reader.cc(340)] could not read dos header from C:\Windows\system32\ole32.dll
[1023/151753.201:ERROR:process_memory_win.cc(73)] ReadMemory at 0x7fefb700000 of 64 bytes failed: ?????? ReadProcessMemory ??? WriteProcessMemory ??? ???????? ?????? ????????. (0x12B)
[1023/151753.201:WARNING:pe_image_reader.cc(340)] could not read dos header from C:\Windows\system32\WINMM.dll
[1023/151753.201:ERROR:process_memory_win.cc(73)] ReadMemory at 0x7fefa120000 of 64 bytes failed: ?????? ReadProcessMemory ??? WriteProcessMemory ??? ???????? ?????? ????????. (0x12B)
[1023/151753.201:WARNING:pe_image_reader.cc(340)] could not read dos header from C:\Windows\system32\UIAutomationCore.DLL
[1023/151753.201:ERROR:process_memory_win.cc(73)] ReadMemory at 0x77d60000 of 64 bytes failed: ?????? ReadProcessMemory ??? WriteProcessMemory ??? ???????? ?????? ????????. (0x12B)
[1023/151753.201:WARNING:pe_image_reader.cc(340)] could not read dos header from C:\Windows\system32\PSAPI.DLL
[1023/151753.201:ERROR:process_memory_win.cc(73)] ReadMemory at 0x7fefa1e0000 of 64 bytes failed: ?????? ReadProcessMemory ??? WriteProcessMemory ??? ???????? ?????? ????????. (0x12B)
[1023/151753.201:WARNING:pe_image_reader.cc(340)] could not read dos header from C:\Windows\system32\OLEACC.dll
[1023/151753.201:ERROR:process_memory_win.cc(73)] ReadMemory at 0x7fefd530000 of 64 bytes failed: ?????? ReadProcessMemory ??? WriteProcessMemory ??? ???????? ?????? ????????. (0x12B)
[1023/151753.201:WARNING:pe_image_reader.cc(340)] could not read dos header from C:\Windows\system32\Secur32.dll
[1023/151753.201:ERROR:process_memory_win.cc(73)] ReadMemory at 0x7fefd700000 of 64 bytes failed: ?????? ReadProcessMemory ??? WriteProcessMemory ??? ???????? ?????? ????????. (0x12B)
[1023/151753.201:WARNING:pe_image_reader.cc(340)] could not read dos header from C:\Windows\system32\SSPICLI.DLL
[1023/151753.201:ERROR:process_memory_win.cc(73)] ReadMemory at 0x7fefdae0000 of 64 bytes failed: ?????? ReadProcessMemory ??? WriteProcessMemory ??? ???????? ?????? ????????. (0x12B)
[1023/151753.201:WARNING:pe_image_reader.cc(340)] could not read dos header from C:\Windows\system32\USERENV.dll
[1023/151753.201:ERROR:process_memory_win.cc(73)] ReadMemory at 0x7fefd900000 of 64 bytes failed: ?????? ReadProcessMemory ??? WriteProcessMemory ??? ???????? ?????? ????????. (0x12B)
[1023/151753.201:WARNING:pe_image_reader.cc(340)] could not read dos header from C:\Windows\system32\profapi.dll
[1023/151753.202:ERROR:process_memory_win.cc(73)] ReadMemory at 0x7fefda70000 of 64 bytes failed: ?????? ReadProcessMemory ??? WriteProcessMemory ??? ???????? ?????? ????????. (0x12B)
[1023/151753.202:WARNING:pe_image_reader.cc(340)] could not read dos header from C:\Windows\system32\WINTRUST.dll
[1023/151753.202:ERROR:process_memory_win.cc(73)] ReadMemory at 0x7fefdb20000 of 64 bytes failed: ?????? ReadProcessMemory ??? WriteProcessMemory ??? ???????? ?????? ????????. (0x12B)
[1023/151753.202:WARNING:pe_image_reader.cc(340)] could not read dos header from C:\Windows\system32\CRYPT32.dll
[1023/151753.202:ERROR:process_memory_win.cc(73)] ReadMemory at 0x7fefd8f0000 of 64 bytes failed: ?????? ReadProcessMemory ??? WriteProcessMemory ??? ???????? ?????? ????????. (0x12B)
[1023/151753.202:WARNING:pe_image_reader.cc(340)] could not read dos header from C:\Windows\system32\MSASN1.dll
[1023/151753.202:ERROR:process_memory_win.cc(73)] ReadMemory at 0x7fee2ea0000 of 64 bytes failed: ?????? ReadProcessMemory ??? WriteProcessMemory ??? ???????? ?????? ????????. (0x12B)
[1023/151753.202:WARNING:pe_image_reader.cc(340)] could not read dos header from C:\Windows\system32\DWrite.dll
[1023/151753.202:ERROR:process_memory_win.cc(73)] ReadMemory at 0x7fef8b70000 of 64 bytes failed: ?????? ReadProcessMemory ??? WriteProcessMemory ??? ???????? ?????? ????????. (0x12B)
[1023/151753.202:WARNING:pe_image_reader.cc(340)] could not read dos header from C:\Windows\system32\WINSPOOL.DRV
[1023/151753.202:ERROR:process_memory_win.cc(73)] ReadMemory at 0x7fef9ab0000 of 64 bytes failed: ?????? ReadProcessMemory ??? WriteProcessMemory ??? ???????? ?????? ????????. (0x12B)
[1023/151753.202:WARNING:pe_image_reader.cc(340)] could not read dos header from C:\Windows\system32\WINHTTP.dll
[1023/151753.202:ERROR:process_memory_win.cc(73)] ReadMemory at 0x7fef9a40000 of 64 bytes failed: ?????? ReadProcessMemory ??? WriteProcessMemory ??? ???????? ?????? ????????. (0x12B)
[1023/151753.202:WARNING:pe_image_reader.cc(340)] could not read dos header from C:\Windows\system32\webio.dll
[1023/151753.202:ERROR:process_memory_win.cc(73)] ReadMemory at 0x7fefb2d0000 of 64 bytes failed: ?????? ReadProcessMemory ??? WriteProcessMemory ??? ???????? ?????? ????????. (0x12B)
[1023/151753.202:WARNING:pe_image_reader.cc(340)] could not read dos header from C:\Windows\system32\dhcpcsvc.DLL
[1023/151753.202:ERROR:process_memory_win.cc(73)] ReadMemory at 0x7fefe870000 of 64 bytes failed: ?????? ReadProcessMemory ??? WriteProcessMemory ??? ???????? ?????? ????????. (0x12B)
[1023/151753.202:WARNING:pe_image_reader.cc(340)] could not read dos header from C:\Windows\system32\SHELL32.dll
[1023/151753.202:ERROR:process_memory_win.cc(73)] ReadMemory at 0x7fefdfd0000 of 64 bytes failed: ?????? ReadProcessMemory ??? WriteProcessMemory ??? ???????? ?????? ????????. (0x12B)
[1023/151753.202:WARNING:pe_image_reader.cc(340)] could not read dos header from C:\Windows\system32\SHLWAPI.dll
[1023/151753.202:ERROR:process_memory_win.cc(73)] ReadMemory at 0x7fefd790000 of 64 bytes failed: ?????? ReadProcessMemory ??? WriteProcessMemory ??? ???????? ?????? ????????. (0x12B)
[1023/151753.202:WARNING:pe_image_reader.cc(340)] could not read dos header from C:\Windows\system32\cryptbase.dll
[1023/151753.204:ERROR:process_memory_win.cc(73)] ReadMemory at 0x13f1d0000 of 64 bytes failed: ?????? ReadProcessMemory ??? WriteProcessMemory ??? ???????? ?????? ????????. (0x12B)
[1023/151753.205:WARNING:pe_image_reader.cc(340)] could not read dos header from C:\Program Files (x86)\Google\Chrome\Application\chrome.exe
[1023/151753.205:ERROR:process_memory_win.cc(73)] ReadMemory at 0x77bb0000 of 64 bytes failed: ?????? ReadProcessMemory ??? WriteProcessMemory ??? ???????? ?????? ????????. (0x12B)
[1023/151753.205:WARNING:pe_image_reader.cc(340)] could not read dos header from C:\Windows\SYSTEM32\ntdll.dll
[1023/151753.205:ERROR:process_memory_win.cc(73)] ReadMemory at 0x77990000 of 64 bytes failed: ?????? ReadProcessMemory ??? WriteProcessMemory ??? ???????? ?????? ????????. (0x12B)
[1023/151753.205:WARNING:pe_image_reader.cc(340)] could not read dos header from C:\Windows\system32\kernel32.dll
[1023/151753.205:ERROR:process_memory_win.cc(73)] ReadMemory at 0x7fefd9b0000 of 64 bytes failed: ?????? ReadProcessMemory ??? WriteProcessMemory ??? ???????? ?????? ????????. (0x12B)
[1023/151753.205:WARNING:pe_image_reader.cc(340)] could not read dos header from C:\Windows\system32\KERNELBASE.dll
[1023/151753.205:ERROR:process_memory_win.cc(73)] ReadMemory at 0x7fee03b0000 of 64 bytes failed: ?????? ReadProcessMemory ??? WriteProcessMemory ??? ???????? ?????? ????????. (0x12B)
[1023/151753.205:WARNING:pe_image_reader.cc(340)] could not read dos header from C:\Program Files (x86)\Google\Chrome\Application\86.0.4240.111\chrome_elf.dll
[1023/151753.205:ERROR:process_memory_win.cc(73)] ReadMemory at 0x7fefcca0000 of 64 bytes failed: ?????? ReadProcessMemory ??? WriteProcessMemory ??? ???????? ?????? ????????. (0x12B)
[1023/151753.205:WARNING:pe_image_reader.cc(340)] could not read dos header from C:\Windows\system32\VERSION.dll
[1023/151753.205:ERROR:process_memory_win.cc(73)] ReadMemory at 0x7fefe7d0000 of 64 bytes failed: ?????? ReadProcessMemory ??? WriteProcessMemory ??? ???????? ?????? ????????. (0x12B)
[1023/151753.205:WARNING:pe_image_reader.cc(340)] could not read dos header from C:\Windows\system32\msvcrt.dll
[1023/151753.205:ERROR:process_memory_win.cc(73)] ReadMemory at 0x7fef9850000 of 64 bytes failed: ?????? ReadProcessMemory ??? WriteProcessMemory ??? ???????? ?????? ????????. (0x12B)
[1023/151753.205:WARNING:pe_image_reader.cc(340)] could not read dos header from C:\Windows\system32\api-ms-win-core-synch-l1-2-0.DLL
[1023/151753.205:ERROR:process_memory_win.cc(73)] ReadMemory at 0x7fefe550000 of 64 bytes failed: ?????? ReadProcessMemory ??? WriteProcessMemory ??? ???????? ?????? ????????. (0x12B)
[1023/151753.205:WARNING:pe_image_reader.cc(340)] could not read dos header from C:\Windows\system32\GDI32.dll
[1023/151753.205:ERROR:process_memory_win.cc(73)] ReadMemory at 0xb80000 of 64 bytes failed: ?????? ReadProcessMemory ??? WriteProcessMemory ??? ???????? ?????? ????????. (0x12B)
[1023/151753.205:WARNING:pe_image_reader.cc(340)] could not read dos header from C:\Windows\system32\USER32.dll
[1023/151753.205:ERROR:process_memory_win.cc(73)] ReadMemory at 0x7feff9f0000 of 64 bytes failed: ?????? ReadProcessMemory ??? WriteProcessMemory ??? ???????? ?????? ????????. (0x12B)
[1023/151753.206:WARNING:pe_image_reader.cc(340)] could not read dos header from C:\Windows\system32\LPK.dll
[1023/151753.206:ERROR:process_memory_win.cc(73)] ReadMemory at 0x7feffa10000 of 64 bytes failed: ?????? ReadProcessMemory ??? WriteProcessMemory ??? ???????? ?????? ????????. (0x12B)
[1023/151753.206:WARNING:pe_image_reader.cc(340)] could not read dos header from C:\Windows\system32\USP10.dll
[1023/151753.206:ERROR:process_memory_win.cc(73)] ReadMemory at 0x7feff9c0000 of 64 bytes failed: ?????? ReadProcessMemory ??? WriteProcessMemory ??? ???????? ?????? ????????. (0x12B)
[1023/151753.206:WARNING:pe_image_reader.cc(340)] could not read dos header from C:\Windows\system32\IMM32.DLL
[1023/151753.206:ERROR:process_memory_win.cc(73)] ReadMemory at 0x7feff8b0000 of 64 bytes failed: ?????? ReadProcessMemory ??? WriteProcessMemory ??? ???????? ?????? ????????. (0x12B)
[1023/151753.206:WARNING:pe_image_reader.cc(340)] could not read dos header from C:\Windows\system32\MSCTF.dll
[1023/151753.206:ERROR:process_memory_win.cc(73)] ReadMemory at 0x7fefdcb0000 of 64 bytes failed: ?????? ReadProcessMemory ??? WriteProcessMemory ??? ???????? ?????? ????????. (0x12B)
[1023/151753.206:WARNING:pe_image_reader.cc(340)] could not read dos header from C:\Windows\system32\ADVAPI32.dll
[1023/151753.206:ERROR:process_memory_win.cc(73)] ReadMemory at 0x7feff890000 of 64 bytes failed: ?????? ReadProcessMemory ??? WriteProcessMemory ??? ???????? ?????? ????????. (0x12B)
[1023/151753.206:WARNING:pe_image_reader.cc(340)] could not read dos header from C:\Windows\SYSTEM32\sechost.dll
[1023/151753.206:ERROR:process_memory_win.cc(73)] ReadMemory at 0x7fefe5c0000 of 64 bytes failed: ?????? ReadProcessMemory ??? WriteProcessMemory ??? ???????? ?????? ????????. (0x12B)
[1023/151753.206:WARNING:pe_image_reader.cc(340)] could not read dos header from C:\Windows\system32\RPCRT4.dll
[1023/151753.206:ERROR:process_memory_win.cc(73)] ReadMemory at 0x7fed6120000 of 64 bytes failed: ?????? ReadProcessMemory ??? WriteProcessMemory ??? ???????? ?????? ????????. (0x12B)
[1023/151753.206:WARNING:pe_image_reader.cc(340)] could not read dos header from C:\Program Files (x86)\Google\Chrome\Application\86.0.4240.111\chrome.dll
[1023/151753.206:ERROR:process_memory_win.cc(73)] ReadMemory at 0x7fee04b0000 of 64 bytes failed: ?????? ReadProcessMemory ??? WriteProcessMemory ??? ???????? ?????? ????????. (0x12B)
[1023/151753.206:WARNING:pe_image_reader.cc(340)] could not read dos header from C:\Windows\system32\dbghelp.dll
[1023/151753.206:ERROR:process_memory_win.cc(73)] ReadMemory at 0x7feffe20000 of 64 bytes failed: ?????? ReadProcessMemory ??? WriteProcessMemory ??? ???????? ?????? ????????. (0x12B)
[1023/151753.206:WARNING:pe_image_reader.cc(340)] could not read dos header from C:\Windows\system32\WS2_32.dll
[1023/151753.206:ERROR:process_memory_win.cc(73)] ReadMemory at 0x7feffa00000 of 64 bytes failed: ?????? ReadProcessMemory ??? WriteProcessMemory ??? ???????? ?????? ????????. (0x12B)
[1023/151753.206:WARNING:pe_image_reader.cc(340)] could not read dos header from C:\Windows\system32\NSI.dll
[1023/151753.206:ERROR:process_memory_win.cc(73)] ReadMemory at 0x7fefb610000 of 64 bytes failed: ?????? ReadProcessMemory ??? WriteProcessMemory ??? ???????? ?????? ????????. (0x12B)
[1023/151753.206:WARNING:pe_image_reader.cc(340)] could not read dos header from C:\Windows\system32\IPHLPAPI.DLL
[1023/151753.206:ERROR:process_memory_win.cc(73)] ReadMemory at 0x7fefb600000 of 64 bytes failed: ?????? ReadProcessMemory ??? WriteProcessMemory ??? ???????? ?????? ????????. (0x12B)
[1023/151753.206:WARNING:pe_image_reader.cc(340)] could not read dos header from C:\Windows\system32\WINNSI.DLL
[1023/151753.206:ERROR:process_memory_win.cc(73)] ReadMemory at 0x7fefe6f0000 of 64 bytes failed: ?????? ReadProcessMemory ??? WriteProcessMemory ??? ???????? ?????? ????????. (0x12B)
[1023/151753.206:WARNING:pe_image_reader.cc(340)] could not read dos header from C:\Windows\system32\OLEAUT32.dll
[1023/151753.206:ERROR:process_memory_win.cc(73)] ReadMemory at 0x7feffb60000 of 64 bytes failed: ?????? ReadProcessMemory ??? WriteProcessMemory ??? ???????? ?????? ????????. (0x12B)
[1023/151753.206:WARNING:pe_image_reader.cc(340)] could not read dos header from C:\Windows\system32\ole32.dll
[1023/151753.206:ERROR:process_memory_win.cc(73)] ReadMemory at 0x7fefb700000 of 64 bytes failed: ?????? ReadProcessMemory ??? WriteProcessMemory ??? ???????? ?????? ????????. (0x12B)
[1023/151753.207:WARNING:pe_image_reader.cc(340)] could not read dos header from C:\Windows\system32\WINMM.dll
[1023/151753.207:ERROR:process_memory_win.cc(73)] ReadMemory at 0x7fefa120000 of 64 bytes failed: ?????? ReadProcessMemory ??? WriteProcessMemory ??? ???????? ?????? ????????. (0x12B)
[1023/151753.207:WARNING:pe_image_reader.cc(340)] could not read dos header from C:\Windows\system32\UIAutomationCore.DLL
[1023/151753.207:ERROR:process_memory_win.cc(73)] ReadMemory at 0x77d60000 of 64 bytes failed: ?????? ReadProcessMemory ??? WriteProcessMemory ??? ???????? ?????? ????????. (0x12B)
[1023/151753.207:WARNING:pe_image_reader.cc(340)] could not read dos header from C:\Windows\system32\PSAPI.DLL
[1023/151753.207:ERROR:process_memory_win.cc(73)] ReadMemory at 0x7fefa1e0000 of 64 bytes failed: ?????? ReadProcessMemory ??? WriteProcessMemory ??? ???????? ?????? ????????. (0x12B)
[1023/151753.207:WARNING:pe_image_reader.cc(340)] could not read dos header from C:\Windows\system32\OLEACC.dll
[1023/151753.207:ERROR:process_memory_win.cc(73)] ReadMemory at 0x7fefd530000 of 64 bytes failed: ?????? ReadProcessMemory ??? WriteProcessMemory ??? ???????? ?????? ????????. (0x12B)
[1023/151753.207:WARNING:pe_image_reader.cc(340)] could not read dos header from C:\Windows\system32\Secur32.dll
[1023/151753.207:ERROR:process_memory_win.cc(73)] ReadMemory at 0x7fefd700000 of 64 bytes failed: ?????? ReadProcessMemory ??? WriteProcessMemory ??? ???????? ?????? ????????. (0x12B)
[1023/151753.207:WARNING:pe_image_reader.cc(340)] could not read dos header from C:\Windows\system32\SSPICLI.DLL
[1023/151753.207:ERROR:process_memory_win.cc(73)] ReadMemory at 0x7fefdae0000 of 64 bytes failed: ?????? ReadProcessMemory ??? WriteProcessMemory ??? ???????? ?????? ????????. (0x12B)
[1023/151753.207:WARNING:pe_image_reader.cc(340)] could not read dos header from C:\Windows\system32\USERENV.dll
[1023/151753.207:ERROR:process_memory_win.cc(73)] ReadMemory at 0x7fefd900000 of 64 bytes failed: ?????? ReadProcessMemory ??? WriteProcessMemory ??? ???????? ?????? ????????. (0x12B)
[1023/151753.207:WARNING:pe_image_reader.cc(340)] could not read dos header from C:\Windows\system32\profapi.dll
[1023/151753.207:ERROR:process_memory_win.cc(73)] ReadMemory at 0x7fefda70000 of 64 bytes failed: ?????? ReadProcessMemory ??? WriteProcessMemory ??? ???????? ?????? ????????. (0x12B)
[1023/151753.207:WARNING:pe_image_reader.cc(340)] could not read dos header from C:\Windows\system32\WINTRUST.dll
[1023/151753.207:ERROR:process_memory_win.cc(73)] ReadMemory at 0x7fefdb20000 of 64 bytes failed: ?????? ReadProcessMemory ??? WriteProcessMemory ??? ???????? ?????? ????????. (0x12B)
[1023/151753.207:WARNING:pe_image_reader.cc(340)] could not read dos header from C:\Windows\system32\CRYPT32.dll
[1023/151753.207:ERROR:process_memory_win.cc(73)] ReadMemory at 0x7fefd8f0000 of 64 bytes failed: ?????? ReadProcessMemory ??? WriteProcessMemory ??? ???????? ?????? ????????. (0x12B)
[1023/151753.207:WARNING:pe_image_reader.cc(340)] could not read dos header from C:\Windows\system32\MSASN1.dll
[1023/151753.207:ERROR:process_memory_win.cc(73)] ReadMemory at 0x7fee2ea0000 of 64 bytes failed: ?????? ReadProcessMemory ??? WriteProcessMemory ??? ???????? ?????? ????????. (0x12B)
[1023/151753.207:WARNING:pe_image_reader.cc(340)] could not read dos header from C:\Windows\system32\DWrite.dll
[1023/151753.207:ERROR:process_memory_win.cc(73)] ReadMemory at 0x7fef8b70000 of 64 bytes failed: ?????? ReadProcessMemory ??? WriteProcessMemory ??? ???????? ?????? ????????. (0x12B)
[1023/151753.207:WARNING:pe_image_reader.cc(340)] could not read dos header from C:\Windows\system32\WINSPOOL.DRV
[1023/151753.207:ERROR:process_memory_win.cc(73)] ReadMemory at 0x7fef9ab0000 of 64 bytes failed: ?????? ReadProcessMemory ??? WriteProcessMemory ??? ???????? ?????? ????????. (0x12B)
[1023/151753.207:WARNING:pe_image_reader.cc(340)] could not read dos header from C:\Windows\system32\WINHTTP.dll
[1023/151753.207:ERROR:process_memory_win.cc(73)] ReadMemory at 0x7fef9a40000 of 64 bytes failed: ?????? ReadProcessMemory ??? WriteProcessMemory ??? ???????? ?????? ????????. (0x12B)
[1023/151753.207:WARNING:pe_image_reader.cc(340)] could not read dos header from C:\Windows\system32\webio.dll
[1023/151753.207:ERROR:process_memory_win.cc(73)] ReadMemory at 0x7fefb2d0000 of 64 bytes failed: ?????? ReadProcessMemory ??? WriteProcessMemory ??? ???????? ?????? ????????. (0x12B)
[1023/151753.207:WARNING:pe_image_reader.cc(340)] could not read dos header from C:\Windows\system32\dhcpcsvc.DLL
[1023/151753.208:ERROR:process_memory_win.cc(73)] ReadMemory at 0x7fefe870000 of 64 bytes failed: ?????? ReadProcessMemory ??? WriteProcessMemory ??? ???????? ?????? ????????. (0x12B)
[1023/151753.208:WARNING:pe_image_reader.cc(340)] could not read dos header from C:\Windows\system32\SHELL32.dll
[1023/151753.208:ERROR:process_memory_win.cc(73)] ReadMemory at 0x7fefdfd0000 of 64 bytes failed: ?????? ReadProcessMemory ??? WriteProcessMemory ??? ???????? ?????? ????????. (0x12B)
[1023/151753.208:WARNING:pe_image_reader.cc(340)] could not read dos header from C:\Windows\system32\SHLWAPI.dll
[1023/151753.208:ERROR:process_memory_win.cc(73)] ReadMemory at 0x7fefd790000 of 64 bytes failed: ?????? ReadProcessMemory ??? WriteProcessMemory ??? ???????? ?????? ????????. (0x12B)
[1023/151753.208:WARNING:pe_image_reader.cc(340)] could not read dos header from C:\Windows\system32\cryptbase.dll
[1023/151753.208:ERROR:process_memory_win.cc(73)] ReadMemory at 0x13f1d0000 of 64 bytes failed: ?????? ReadProcessMemory ??? WriteProcessMemory ??? ???????? ?????? ????????. (0x12B)
[1023/151753.208:WARNING:pe_image_reader.cc(340)] could not read dos header from C:\Program Files (x86)\Google\Chrome\Application\chrome.exe
[1023/151753.208:ERROR:process_memory_win.cc(73)] ReadMemory at 0x77bb0000 of 64 bytes failed: ?????? ReadProcessMemory ??? WriteProcessMemory ??? ???????? ?????? ????????. (0x12B)
[1023/151753.208:WARNING:pe_image_reader.cc(340)] could not read dos header from C:\Windows\SYSTEM32\ntdll.dll
[1023/151753.208:ERROR:process_memory_win.cc(73)] ReadMemory at 0x77990000 of 64 bytes failed: ?????? ReadProcessMemory ??? WriteProcessMemory ??? ???????? ?????? ????????. (0x12B)
[1023/151753.208:WARNING:pe_image_reader.cc(340)] could not read dos header from C:\Windows\system32\kernel32.dll
[1023/151753.208:ERROR:process_memory_win.cc(73)] ReadMemory at 0x7fefd9b0000 of 64 bytes failed: ?????? ReadProcessMemory ??? WriteProcessMemory ??? ???????? ?????? ????????. (0x12B)
[1023/151753.208:WARNING:pe_image_reader.cc(340)] could not read dos header from C:\Windows\system32\KERNELBASE.dll
[1023/151753.208:ERROR:process_memory_win.cc(73)] ReadMemory at 0x7fee03b0000 of 64 bytes failed: ?????? ReadProcessMemory ??? WriteProcessMemory ??? ???????? ?????? ????????. (0x12B)
[1023/151753.208:WARNING:pe_image_reader.cc(340)] could not read dos header from C:\Program Files (x86)\Google\Chrome\Application\86.0.4240.111\chrome_elf.dll
[1023/151753.208:ERROR:process_memory_win.cc(73)] ReadMemory at 0x7fefcca0000 of 64 bytes failed: ?????? ReadProcessMemory ??? WriteProcessMemory ??? ???????? ?????? ????????. (0x12B)
[1023/151753.208:WARNING:pe_image_reader.cc(340)] could not read dos header from C:\Windows\system32\VERSION.dll
[1023/151753.208:ERROR:process_memory_win.cc(73)] ReadMemory at 0x7fefe7d0000 of 64 bytes failed: ?????? ReadProcessMemory ??? WriteProcessMemory ??? ???????? ?????? ????????. (0x12B)
[1023/151753.208:WARNING:pe_image_reader.cc(340)] could not read dos header from C:\Windows\system32\msvcrt.dll
[1023/151753.208:ERROR:process_memory_win.cc(73)] ReadMemory at 0x7fef9850000 of 64 bytes failed: ?????? ReadProcessMemory ??? WriteProcessMemory ??? ???????? ?????? ????????. (0x12B)
[1023/151753.208:WARNING:pe_image_reader.cc(340)] could not read dos header from C:\Windows\system32\api-ms-win-core-synch-l1-2-0.DLL
[1023/151753.208:ERROR:process_memory_win.cc(73)] ReadMemory at 0x7fefe550000 of 64 bytes failed: ?????? ReadProcessMemory ??? WriteProcessMemory ??? ???????? ?????? ????????. (0x12B)
[1023/151753.208:WARNING:pe_image_reader.cc(340)] could not read dos header from C:\Windows\system32\GDI32.dll
[1023/151753.208:ERROR:process_memory_win.cc(73)] ReadMemory at 0xb80000 of 64 bytes failed: ?????? ReadProcessMemory ??? WriteProcessMemory ??? ???????? ?????? ????????. (0x12B)
[1023/151753.208:WARNING:pe_image_reader.cc(340)] could not read dos header from C:\Windows\system32\USER32.dll
[1023/151753.208:ERROR:process_memory_win.cc(73)] ReadMemory at 0x7feff9f0000 of 64 bytes failed: ?????? ReadProcessMemory ??? WriteProcessMemory ??? ???????? ?????? ????????. (0x12B)
[1023/151753.208:WARNING:pe_image_reader.cc(340)] could not read dos header from C:\Windows\system32\LPK.dll
[1023/151753.208:ERROR:process_memory_win.cc(73)] ReadMemory at 0x7feffa10000 of 64 bytes failed: ?????? ReadProcessMemory ??? WriteProcessMemory ??? ???????? ?????? ????????. (0x12B)
[1023/151753.208:WARNING:pe_image_reader.cc(340)] could not read dos header from C:\Windows\system32\USP10.dll
[1023/151753.208:ERROR:process_memory_win.cc(73)] ReadMemory at 0x7feff9c0000 of 64 bytes failed: ?????? ReadProcessMemory ??? WriteProcessMemory ??? ???????? ?????? ????????. (0x12B)
[1023/151753.208:WARNING:pe_image_reader.cc(340)] could not read dos header from C:\Windows\system32\IMM32.DLL
[1023/151753.208:ERROR:process_memory_win.cc(73)] ReadMemory at 0x7feff8b0000 of 64 bytes failed: ?????? ReadProcessMemory ??? WriteProcessMemory ??? ???????? ?????? ????????. (0x12B)
[1023/151753.208:WARNING:pe_image_reader.cc(340)] could not read dos header from C:\Windows\system32\MSCTF.dll
[1023/151753.208:ERROR:process_memory_win.cc(73)] ReadMemory at 0x7fefdcb0000 of 64 bytes failed: ?????? ReadProcessMemory ??? WriteProcessMemory ??? ???????? ?????? ????????. (0x12B)
[1023/151753.208:WARNING:pe_image_reader.cc(340)] could not read dos header from C:\Windows\system32\ADVAPI32.dll
[1023/151753.208:ERROR:process_memory_win.cc(73)] ReadMemory at 0x7feff890000 of 64 bytes failed: ?????? ReadProcessMemory ??? WriteProcessMemory ??? ???????? ?????? ????????. (0x12B)
[1023/151753.209:WARNING:pe_image_reader.cc(340)] could not read dos header from C:\Windows\SYSTEM32\sechost.dll
[1023/151753.209:ERROR:process_memory_win.cc(73)] ReadMemory at 0x7fefe5c0000 of 64 bytes failed: ?????? ReadProcessMemory ??? WriteProcessMemory ??? ???????? ?????? ????????. (0x12B)
[1023/151753.209:WARNING:pe_image_reader.cc(340)] could not read dos header from C:\Windows\system32\RPCRT4.dll
[1023/151753.209:ERROR:process_memory_win.cc(73)] ReadMemory at 0x7fed6120000 of 64 bytes failed: ?????? ReadProcessMemory ??? WriteProcessMemory ??? ???????? ?????? ????????. (0x12B)
[1023/151753.209:WARNING:pe_image_reader.cc(340)] could not read dos header from C:\Program Files (x86)\Google\Chrome\Application\86.0.4240.111\chrome.dll
[1023/151753.209:ERROR:process_memory_win.cc(73)] ReadMemory at 0x7fee04b0000 of 64 bytes failed: ?????? ReadProcessMemory ??? WriteProcessMemory ??? ???????? ?????? ????????. (0x12B)
[1023/151753.209:WARNING:pe_image_reader.cc(340)] could not read dos header from C:\Windows\system32\dbghelp.dll
[1023/151753.209:ERROR:process_memory_win.cc(73)] ReadMemory at 0x7feffe20000 of 64 bytes failed: ?????? ReadProcessMemory ??? WriteProcessMemory ??? ???????? ?????? ????????. (0x12B)
[1023/151753.209:WARNING:pe_image_reader.cc(340)] could not read dos header from C:\Windows\system32\WS2_32.dll
[1023/151753.209:ERROR:process_memory_win.cc(73)] ReadMemory at 0x7feffa00000 of 64 bytes failed: ?????? ReadProcessMemory ??? WriteProcessMemory ??? ???????? ?????? ????????. (0x12B)
[1023/151753.209:WARNING:pe_image_reader.cc(340)] could not read dos header from C:\Windows\system32\NSI.dll
[1023/151753.209:ERROR:process_memory_win.cc(73)] ReadMemory at 0x7fefb610000 of 64 bytes failed: ?????? ReadProcessMemory ??? WriteProcessMemory ??? ???????? ?????? ????????. (0x12B)
[1023/151753.209:WARNING:pe_image_reader.cc(340)] could not read dos header from C:\Windows\system32\IPHLPAPI.DLL
[1023/151753.209:ERROR:process_memory_win.cc(73)] ReadMemory at 0x7fefb600000 of 64 bytes failed: ?????? ReadProcessMemory ??? WriteProcessMemory ??? ???????? ?????? ????????. (0x12B)
[1023/151753.209:WARNING:pe_image_reader.cc(340)] could not read dos header from C:\Windows\system32\WINNSI.DLL
[1023/151753.209:ERROR:process_memory_win.cc(73)] ReadMemory at 0x7fefe6f0000 of 64 bytes failed: ?????? ReadProcessMemory ??? WriteProcessMemory ??? ???????? ?????? ????????. (0x12B)
[1023/151753.209:WARNING:pe_image_reader.cc(340)] could not read dos header from C:\Windows\system32\OLEAUT32.dll
[1023/151753.209:ERROR:process_memory_win.cc(73)] ReadMemory at 0x7feffb60000 of 64 bytes failed: ?????? ReadProcessMemory ??? WriteProcessMemory ??? ???????? ?????? ????????. (0x12B)
[1023/151753.209:WARNING:pe_image_reader.cc(340)] could not read dos header from C:\Windows\system32\ole32.dll
[1023/151753.209:ERROR:process_memory_win.cc(73)] ReadMemory at 0x7fefb700000 of 64 bytes failed: ?????? ReadProcessMemory ??? WriteProcessMemory ??? ???????? ?????? ????????. (0x12B)
[1023/151753.209:WARNING:pe_image_reader.cc(340)] could not read dos header from C:\Windows\system32\WINMM.dll
[1023/151753.209:ERROR:process_memory_win.cc(73)] ReadMemory at 0x7fefa120000 of 64 bytes failed: ?????? ReadProcessMemory ??? WriteProcessMemory ??? ???????? ?????? ????????. (0x12B)
[1023/151753.209:WARNING:pe_image_reader.cc(340)] could not read dos header from C:\Windows\system32\UIAutomationCore.DLL
[1023/151753.209:ERROR:process_memory_win.cc(73)] ReadMemory at 0x77d60000 of 64 bytes failed: ?????? ReadProcessMemory ??? WriteProcessMemory ??? ???????? ?????? ????????. (0x12B)
[1023/151753.209:WARNING:pe_image_reader.cc(340)] could not read dos header from C:\Windows\system32\PSAPI.DLL
[1023/151753.209:ERROR:process_memory_win.cc(73)] ReadMemory at 0x7fefa1e0000 of 64 bytes failed: ?????? ReadProcessMemory ??? WriteProcessMemory ??? ???????? ?????? ????????. (0x12B)
[1023/151753.209:WARNING:pe_image_reader.cc(340)] could not read dos header from C:\Windows\system32\OLEACC.dll
[1023/151753.209:ERROR:process_memory_win.cc(73)] ReadMemory at 0x7fefd530000 of 64 bytes failed: ?????? ReadProcessMemory ??? WriteProcessMemory ??? ???????? ?????? ????????. (0x12B)
[1023/151753.209:WARNING:pe_image_reader.cc(340)] could not read dos header from C:\Windows\system32\Secur32.dll
[1023/151753.209:ERROR:process_memory_win.cc(73)] ReadMemory at 0x7fefd700000 of 64 bytes failed: ?????? ReadProcessMemory ??? WriteProcessMemory ??? ???????? ?????? ????????. (0x12B)
[1023/151753.209:WARNING:pe_image_reader.cc(340)] could not read dos header from C:\Windows\system32\SSPICLI.DLL
[1023/151753.209:ERROR:process_memory_win.cc(73)] ReadMemory at 0x7fefdae0000 of 64 bytes failed: ?????? ReadProcessMemory ??? WriteProcessMemory ??? ???????? ?????? ????????. (0x12B)
[1023/151753.209:WARNING:pe_image_reader.cc(340)] could not read dos header from C:\Windows\system32\USERENV.dll
[1023/151753.209:ERROR:process_memory_win.cc(73)] ReadMemory at 0x7fefd900000 of 64 bytes failed: ?????? ReadProcessMemory ??? WriteProcessMemory ??? ???????? ?????? ????????. (0x12B)
[1023/151753.209:WARNING:pe_image_reader.cc(340)] could not read dos header from C:\Windows\system32\profapi.dll
[1023/151753.210:ERROR:process_memory_win.cc(73)] ReadMemory at 0x7fefda70000 of 64 bytes failed: ?????? ReadProcessMemory ??? WriteProcessMemory ??? ???????? ?????? ????????. (0x12B)
[1023/151753.210:WARNING:pe_image_reader.cc(340)] could not read dos header from C:\Windows\system32\WINTRUST.dll
[1023/151753.210:ERROR:process_memory_win.cc(73)] ReadMemory at 0x7fefdb20000 of 64 bytes failed: ?????? ReadProcessMemory ??? WriteProcessMemory ??? ???????? ?????? ????????. (0x12B)
[1023/151753.210:WARNING:pe_image_reader.cc(340)] could not read dos header from C:\Windows\system32\CRYPT32.dll
[1023/151753.210:ERROR:process_memory_win.cc(73)] ReadMemory at 0x7fefd8f0000 of 64 bytes failed: ?????? ReadProcessMemory ??? WriteProcessMemory ??? ???????? ?????? ????????. (0x12B)
[1023/151753.210:WARNING:pe_image_reader.cc(340)] could not read dos header from C:\Windows\system32\MSASN1.dll
[1023/151753.210:ERROR:process_memory_win.cc(73)] ReadMemory at 0x7fee2ea0000 of 64 bytes failed: ?????? ReadProcessMemory ??? WriteProcessMemory ??? ???????? ?????? ????????. (0x12B)
[1023/151753.210:WARNING:pe_image_reader.cc(340)] could not read dos header from C:\Windows\system32\DWrite.dll
[1023/151753.210:ERROR:process_memory_win.cc(73)] ReadMemory at 0x7fef8b70000 of 64 bytes failed: ?????? ReadProcessMemory ??? WriteProcessMemory ??? ???????? ?????? ????????. (0x12B)
[1023/151753.210:WARNING:pe_image_reader.cc(340)] could not read dos header from C:\Windows\system32\WINSPOOL.DRV
[1023/151753.210:ERROR:process_memory_win.cc(73)] ReadMemory at 0x7fef9ab0000 of 64 bytes failed: ?????? ReadProcessMemory ??? WriteProcessMemory ??? ???????? ?????? ????????. (0x12B)
[1023/151753.210:WARNING:pe_image_reader.cc(340)] could not read dos header from C:\Windows\system32\WINHTTP.dll
[1023/151753.210:ERROR:process_memory_win.cc(73)] ReadMemory at 0x7fef9a40000 of 64 bytes failed: ?????? ReadProcessMemory ??? WriteProcessMemory ??? ???????? ?????? ????????. (0x12B)
[1023/151753.210:WARNING:pe_image_reader.cc(340)] could not read dos header from C:\Windows\system32\webio.dll
[1023/151753.210:ERROR:process_memory_win.cc(73)] ReadMemory at 0x7fefb2d0000 of 64 bytes failed: ?????? ReadProcessMemory ??? WriteProcessMemory ??? ???????? ?????? ????????. (0x12B)
[1023/151753.210:WARNING:pe_image_reader.cc(340)] could not read dos header from C:\Windows\system32\dhcpcsvc.DLL
[1023/151753.210:ERROR:process_memory_win.cc(73)] ReadMemory at 0x7fefe870000 of 64 bytes failed: ?????? ReadProcessMemory ??? WriteProcessMemory ??? ???????? ?????? ????????. (0x12B)
[1023/151753.210:WARNING:pe_image_reader.cc(340)] could not read dos header from C:\Windows\system32\SHELL32.dll
[1023/151753.210:ERROR:process_memory_win.cc(73)] ReadMemory at 0x7fefdfd0000 of 64 bytes failed: ?????? ReadProcessMemory ??? WriteProcessMemory ??? ???????? ?????? ????????. (0x12B)
[1023/151753.210:WARNING:pe_image_reader.cc(340)] could not read dos header from C:\Windows\system32\SHLWAPI.dll
[1023/151753.210:ERROR:process_memory_win.cc(73)] ReadMemory at 0x7fefd790000 of 64 bytes failed: ?????? ReadProcessMemory ??? WriteProcessMemory ??? ???????? ?????? ????????. (0x12B)
[1023/151753.210:WARNING:pe_image_reader.cc(340)] could not read dos header from C:\Windows\system32\cryptbase.dll
[1023/151753.219:ERROR:process_memory_win.cc(73)] ReadMemory at 0x9e6000 of 106496 bytes failed: ?????? ReadProcessMemory ??? WriteProcessMemory ??? ???????? ?????? ????????. (0x12B)
[1023/151753.219:ERROR:process_memory_win.cc(73)] ReadMemory at 0x360e000 of 8192 bytes failed: ?????? ReadProcessMemory ??? WriteProcessMemory ??? ???????? ?????? ????????. (0x12B)
[1023/151753.219:ERROR:process_memory_win.cc(73)] ReadMemory at 0x477e000 of 8192 bytes failed: ?????? ReadProcessMemory ??? WriteProcessMemory ??? ???????? ?????? ????????. (0x12B)
[1023/151753.219:ERROR:process_memory_win.cc(73)] ReadMemory at 0x507d000 of 12288 bytes failed: ?????? ReadProcessMemory ??? WriteProcessMemory ??? ???????? ?????? ????????. (0x12B)
[1023/151753.219:ERROR:process_memory_win.cc(73)] ReadMemory at 0x610f000 of 4096 bytes failed: ?????? ReadProcessMemory ??? WriteProcessMemory ??? ???????? ?????? ????????. (0x12B)
[1023/151753.219:ERROR:process_memory_win.cc(73)] ReadMemory at 0x69ce000 of 8192 bytes failed: ?????? ReadProcessMemory ??? WriteProcessMemory ??? ???????? ?????? ????????. (0x12B)
[1023/151753.219:ERROR:process_memory_win.cc(73)] ReadMemory at 0x732e000 of 8192 bytes failed: ?????? ReadProcessMemory ??? WriteProcessMemory ??? ???????? ?????? ????????. (0x12B)
[1023/151753.219:ERROR:process_memory_win.cc(73)] ReadMemory at 0x7e5c000 of 16384 bytes failed: ?????? ReadProcessMemory ??? WriteProcessMemory ??? ???????? ?????? ????????. (0x12B)
[1023/151753.219:ERROR:process_memory_win.cc(73)] ReadMemory at 0x910e000 of 8192 bytes failed: ?????? ReadProcessMemory ??? WriteProcessMemory ??? ???????? ?????? ????????. (0x12B)
[1023/151753.219:ERROR:process_memory_win.cc(73)] ReadMemory at 0x9acc000 of 16384 bytes failed: ?????? ReadProcessMemory ??? WriteProcessMemory ??? ???????? ?????? ????????. (0x12B)
[1023/151753.220:ERROR:process_memory_win.cc(73)] ReadMemory at 0xa2ed000 of 12288 bytes failed: ?????? ReadProcessMemory ??? WriteProcessMemory ??? ???????? ?????? ????????. (0x12B)
[1023/151753.220:ERROR:process_memory_win.cc(73)] ReadMemory at 0xad4e000 of 8192 bytes failed: ?????? ReadProcessMemory ??? WriteProcessMemory ??? ???????? ?????? ????????. (0x12B)
[1023/151753.220:ERROR:process_memory_win.cc(73)] ReadMemory at 0xc489000 of 28672 bytes failed: ?????? ReadProcessMemory ??? WriteProcessMemory ??? ???????? ?????? ????????. (0x12B)
[1023/151753.220:ERROR:process_memory_win.cc(73)] ReadMemory at 0xd5dd000 of 12288 bytes failed: ?????? ReadProcessMemory ??? WriteProcessMemory ??? ???????? ?????? ????????. (0x12B)
[1023/151753.220:ERROR:process_memory_win.cc(73)] ReadMemory at 0x108fe000 of 8192 bytes failed: ?????? ReadProcessMemory ??? WriteProcessMemory ??? ???????? ?????? ????????. (0x12B)
[1023/151753.220:ERROR:process_memory_win.cc(73)] ReadMemory at 0x1115e000 of 8192 bytes failed: ?????? ReadProcessMemory ??? WriteProcessMemory ??? ???????? ?????? ????????. (0x12B)
[1023/151753.220:ERROR:process_memory_win.cc(73)] ReadMemory at 0xa81320 of 6554 bytes failed: ?????? ReadProcessMemory ??? WriteProcessMemory ??? ???????? ?????? ????????. (0x12B)
[1023/151753.220:ERROR:process_memory_win.cc(73)] ReadMemory at 0xa82cd0 of 1012 bytes failed: ?????? ReadProcessMemory ??? WriteProcessMemory ??? ???????? ?????? ????????. (0x12B)
[1023/151753.220:ERROR:process_memory_win.cc(73)] ReadMemory at 0xa832d8 of 2644 bytes failed: ?????? ReadProcessMemory ??? WriteProcessMemory ??? ???????? ?????? ????????. (0x12B)
[1023/151753.220:ERROR:process_memory_win.cc(73)] ReadMemory at 0xa83d2e of 118 bytes failed: ?????? ReadProcessMemory ??? WriteProcessMemory ??? ???????? ?????? ????????. (0x12B)
[1023/151753.220:ERROR:process_memory_win.cc(73)] ReadMemory at 0xa83da6 of 1220 bytes failed: ?????? ReadProcessMemory ??? WriteProcessMemory ??? ???????? ?????? ????????. (0x12B)
[1023/151753.220:ERROR:process_memory_win.cc(73)] ReadMemory at 0xa8426c of 118 bytes failed: ?????? ReadProcessMemory ??? WriteProcessMemory ??? ???????? ?????? ????????. (0x12B)
[1023/151753.220:ERROR:process_memory_win.cc(73)] ReadMemory at 0xa842e4 of 98 bytes failed: ?????? ReadProcessMemory ??? WriteProcessMemory ??? ???????? ?????? ????????. (0x12B)
[1023/151753.220:ERROR:process_memory_win.cc(73)] ReadMemory at 0xa84360 of 58 bytes failed: ?????? ReadProcessMemory ??? WriteProcessMemory ??? ???????? ?????? ????????. (0x12B)
[1023/151753.220:ERROR:process_memory_win.cc(73)] ReadMemory at 0xa843f0 of 132 bytes failed: ?????? ReadProcessMemory ??? WriteProcessMemory ??? ???????? ?????? ????????. (0x12B)
[1023/151753.220:ERROR:process_memory_win.cc(73)] ReadMemory at 0xa844e0 of 132 bytes failed: ?????? ReadProcessMemory ??? WriteProcessMemory ??? ???????? ?????? ????????. (0x12B)
[1023/151753.220:ERROR:process_memory_win.cc(73)] ReadMemory at 0xa845f8 of 126 bytes failed: ?????? ReadProcessMemory ??? WriteProcessMemory ??? ???????? ?????? ????????. (0x12B)
[1023/151753.220:ERROR:process_memory_win.cc(73)] ReadMemory at 0xa84a00 of 64 bytes failed: ?????? ReadProcessMemory ??? WriteProcessMemory ??? ???????? ?????? ????????. (0x12B)
[1023/151753.220:ERROR:process_memory_win.cc(73)] ReadMemory at 0xa84a50 of 132 bytes failed: ?????? ReadProcessMemory ??? WriteProcessMemory ??? ???????? ?????? ????????. (0x12B)
[1023/151753.220:ERROR:process_memory_win.cc(73)] ReadMemory at 0xa84b70 of 68 bytes failed: ?????? ReadProcessMemory ??? WriteProcessMemory ??? ???????? ?????? ????????. (0x12B)
[1023/151753.220:ERROR:process_memory_win.cc(73)] ReadMemory at 0xa84bc0 of 132 bytes failed: ?????? ReadProcessMemory ??? WriteProcessMemory ??? ???????? ?????? ????????. (0x12B)
[1023/151753.220:ERROR:process_memory_win.cc(73)] ReadMemory at 0xa85e10 of 154 bytes failed: ?????? ReadProcessMemory ??? WriteProcessMemory ??? ???????? ?????? ????????. (0x12B)
[1023/151753.220:ERROR:process_memory_win.cc(73)] ReadMemory at 0xa85ec0 of 132 bytes failed: ?????? ReadProcessMemory ??? WriteProcessMemory ??? ???????? ?????? ????????. (0x12B)
[1023/151753.220:ERROR:process_memory_win.cc(73)] ReadMemory at 0xa86640 of 60 bytes failed: ?????? ReadProcessMemory ??? WriteProcessMemory ??? ???????? ?????? ????????. (0x12B)
[1023/151753.220:ERROR:process_memory_win.cc(73)] ReadMemory at 0xa86690 of 132 bytes failed: ?????? ReadProcessMemory ??? WriteProcessMemory ??? ???????? ?????? ????????. (0x12B)
[1023/151753.220:ERROR:process_memory_win.cc(73)] ReadMemory at 0xa86900 of 62 bytes failed: ?????? ReadProcessMemory ??? WriteProcessMemory ??? ???????? ?????? ????????. (0x12B)
[1023/151753.220:ERROR:process_memory_win.cc(73)] ReadMemory at 0xa86950 of 132 bytes failed: ?????? ReadProcessMemory ??? WriteProcessMemory ??? ???????? ?????? ????????. (0x12B)
[1023/151753.220:ERROR:process_memory_win.cc(73)] ReadMemory at 0xa969d0 of 512 bytes failed: ?????? ReadProcessMemory ??? WriteProcessMemory ??? ???????? ?????? ????????. (0x12B)
[1023/151753.220:ERROR:process_memory_win.cc(73)] ReadMemory at 0xac1a30 of 104 bytes failed: ?????? ReadProcessMemory ??? WriteProcessMemory ??? ???????? ?????? ????????. (0x12B)
[1023/151753.220:ERROR:process_memory_win.cc(73)] ReadMemory at 0xac1ab0 of 132 bytes failed: ?????? ReadProcessMemory ??? WriteProcessMemory ??? ???????? ?????? ????????. (0x12B)
[1023/151753.220:ERROR:process_memory_win.cc(73)] ReadMemory at 0xac7b90 of 60 bytes failed: ?????? ReadProcessMemory ??? WriteProcessMemory ??? ???????? ?????? ????????. (0x12B)
[1023/151753.220:ERROR:process_memory_win.cc(73)] ReadMemory at 0xac7be0 of 62 bytes failed: ?????? ReadProcessMemory ??? WriteProcessMemory ??? ???????? ?????? ????????. (0x12B)
[1023/151753.220:ERROR:process_memory_win.cc(73)] ReadMemory at 0xac7c30 of 58 bytes failed: ?????? ReadProcessMemory ??? WriteProcessMemory ??? ???????? ?????? ????????. (0x12B)
[1023/151753.220:ERROR:process_memory_win.cc(73)] ReadMemory at 0xac7c80 of 60 bytes failed: ?????? ReadProcessMemory ??? WriteProcessMemory ??? ???????? ?????? ????????. (0x12B)
[1023/151753.220:ERROR:process_memory_win.cc(73)] ReadMemory at 0xac7cd0 of 58 bytes failed: ?????? ReadProcessMemory ??? WriteProcessMemory ??? ???????? ?????? ????????. (0x12B)
[1023/151753.220:ERROR:process_memory_win.cc(73)] ReadMemory at 0xac7d20 of 58 bytes failed: ?????? ReadProcessMemory ??? WriteProcessMemory ??? ???????? ?????? ????????. (0x12B)
[1023/151753.221:ERROR:process_memory_win.cc(73)] ReadMemory at 0xac7d70 of 58 bytes failed: ?????? ReadProcessMemory ??? WriteProcessMemory ??? ???????? ?????? ????????. (0x12B)
[1023/151753.221:ERROR:process_memory_win.cc(73)] ReadMemory at 0xac7dc0 of 64 bytes failed: ?????? ReadProcessMemory ??? WriteProcessMemory ??? ???????? ?????? ????????. (0x12B)
[1023/151753.221:ERROR:process_memory_win.cc(73)] ReadMemory at 0xac7e60 of 62 bytes failed: ?????? ReadProcessMemory ??? WriteProcessMemory ??? ???????? ?????? ????????. (0x12B)
[1023/151753.221:ERROR:process_memory_win.cc(73)] ReadMemory at 0xac7eb0 of 60 bytes failed: ?????? ReadProcessMemory ??? WriteProcessMemory ??? ???????? ?????? ????????. (0x12B)
[1023/151753.221:ERROR:process_memory_win.cc(73)] ReadMemory at 0xac7f00 of 64 bytes failed: ?????? ReadProcessMemory ??? WriteProcessMemory ??? ???????? ?????? ????????. (0x12B)
[1023/151753.221:ERROR:process_memory_win.cc(73)] ReadMemory at 0xac7f50 of 60 bytes failed: ?????? ReadProcessMemory ??? WriteProcessMemory ??? ???????? ?????? ????????. (0x12B)
[1023/151753.221:ERROR:process_memory_win.cc(73)] ReadMemory at 0xac7fa0 of 64 bytes failed: ?????? ReadProcessMemory ??? WriteProcessMemory ??? ???????? ?????? ????????. (0x12B)
[1023/151753.221:ERROR:process_memory_win.cc(73)] ReadMemory at 0xac7ff0 of 58 bytes failed: ?????? ReadProcessMemory ??? WriteProcessMemory ??? ???????? ?????? ????????. (0x12B)
[1023/151753.221:ERROR:process_memory_win.cc(73)] ReadMemory at 0xac8040 of 58 bytes failed: ?????? ReadProcessMemory ??? WriteProcessMemory ??? ???????? ?????? ????????. (0x12B)
[1023/151753.221:ERROR:process_memory_win.cc(73)] ReadMemory at 0xac8090 of 58 bytes failed: ?????? ReadProcessMemory ??? WriteProcessMemory ??? ???????? ?????? ????????. (0x12B)
[1023/151753.221:ERROR:process_memory_win.cc(73)] ReadMemory at 0xac80e0 of 60 bytes failed: ?????? ReadProcessMemory ??? WriteProcessMemory ??? ???????? ?????? ????????. (0x12B)
[1023/151753.221:ERROR:process_memory_win.cc(73)] ReadMemory at 0xac8130 of 62 bytes failed: ?????? ReadProcessMemory ??? WriteProcessMemory ??? ???????? ?????? ????????. (0x12B)
[1023/151753.221:ERROR:process_memory_win.cc(73)] ReadMemory at 0xac8180 of 62 bytes failed: ?????? ReadProcessMemory ??? WriteProcessMemory ??? ???????? ?????? ????????. (0x12B)
[1023/151753.221:ERROR:process_memory_win.cc(73)] ReadMemory at 0xac81d0 of 62 bytes failed: ?????? ReadProcessMemory ??? WriteProcessMemory ??? ???????? ?????? ????????. (0x12B)
[1023/151753.221:ERROR:process_memory_win.cc(73)] ReadMemory at 0xac8220 of 62 bytes failed: ?????? ReadProcessMemory ??? WriteProcessMemory ??? ???????? ?????? ????????. (0x12B)
[1023/151753.221:ERROR:process_memory_win.cc(73)] ReadMemory at 0xac8270 of 64 bytes failed: ?????? ReadProcessMemory ??? WriteProcessMemory ??? ???????? ?????? ????????. (0x12B)
[1023/151753.221:ERROR:process_memory_win.cc(73)] ReadMemory at 0xac82c0 of 62 bytes failed: ?????? ReadProcessMemory ??? WriteProcessMemory ??? ???????? ?????? ????????. (0x12B)
[1023/151753.221:ERROR:process_memory_win.cc(73)] ReadMemory at 0xac8310 of 60 bytes failed: ?????? ReadProcessMemory ??? WriteProcessMemory ??? ???????? ?????? ????????. (0x12B)
[1023/151753.221:ERROR:process_memory_win.cc(73)] ReadMemory at 0xac8360 of 60 bytes failed: ?????? ReadProcessMemory ??? WriteProcessMemory ??? ???????? ?????? ????????. (0x12B)
[1023/151753.221:ERROR:process_memory_win.cc(73)] ReadMemory at 0xac83b0 of 64 bytes failed: ?????? ReadProcessMemory ??? WriteProcessMemory ??? ???????? ?????? ????????. (0x12B)
[1023/151753.221:ERROR:process_memory_win.cc(73)] ReadMemory at 0xac8400 of 62 bytes failed: ?????? ReadProcessMemory ??? WriteProcessMemory ??? ???????? ?????? ????????. (0x12B)
[1023/151753.221:ERROR:process_memory_win.cc(73)] ReadMemory at 0xac8450 of 58 bytes failed: ?????? ReadProcessMemory ??? WriteProcessMemory ??? ???????? ?????? ????????. (0x12B)
[1023/151753.221:ERROR:process_memory_win.cc(73)] ReadMemory at 0xac84a0 of 64 bytes failed: ?????? ReadProcessMemory ??? WriteProcessMemory ??? ???????? ?????? ????????. (0x12B)
[1023/151753.221:ERROR:process_memory_win.cc(73)] ReadMemory at 0xacdee0 of 54 bytes failed: ?????? ReadProcessMemory ??? WriteProcessMemory ??? ???????? ?????? ????????. (0x12B)
[1023/151753.221:ERROR:process_memory_win.cc(73)] ReadMemory at 0xacfa00 of 132 bytes failed: ?????? ReadProcessMemory ??? WriteProcessMemory ??? ???????? ?????? ????????. (0x12B)
[1023/151753.221:ERROR:process_memory_win.cc(73)] ReadMemory at 0xacfaf0 of 132 bytes failed: ?????? ReadProcessMemory ??? WriteProcessMemory ??? ???????? ?????? ????????. (0x12B)
[1023/151753.221:ERROR:process_memory_win.cc(73)] ReadMemory at 0xacfbe0 of 132 bytes failed: ?????? ReadProcessMemory ??? WriteProcessMemory ??? ???????? ?????? ????????. (0x12B)
[1023/151753.221:ERROR:process_memory_win.cc(73)] ReadMemory at 0xacfcd0 of 132 bytes failed: ?????? ReadProcessMemory ??? WriteProcessMemory ??? ???????? ?????? ????????. (0x12B)
[1023/151753.221:ERROR:process_memory_win.cc(73)] ReadMemory at 0xad14b0 of 54 bytes failed: ?????? ReadProcessMemory ??? WriteProcessMemory ??? ???????? ?????? ????????. (0x12B)
[1023/151753.221:ERROR:process_memory_win.cc(73)] ReadMemory at 0xad15c0 of 132 bytes failed: ?????? ReadProcessMemory ??? WriteProcessMemory ??? ???????? ?????? ????????. (0x12B)
[1023/151753.221:ERROR:process_memory_win.cc(73)] ReadMemory at 0xad17f0 of 132 bytes failed: ?????? ReadProcessMemory ??? WriteProcessMemory ??? ???????? ?????? ????????. (0x12B)
[1023/151753.221:ERROR:process_memory_win.cc(73)] ReadMemory at 0xad5dd0 of 80 bytes failed: ?????? ReadProcessMemory ??? WriteProcessMemory ??? ???????? ?????? ????????. (0x12B)
[1023/151753.222:ERROR:process_memory_win.cc(73)] ReadMemory at 0xad68f0 of 146 bytes failed: ?????? ReadProcessMemory ??? WriteProcessMemory ??? ???????? ?????? ????????. (0x12B)
[1023/151753.222:ERROR:process_memory_win.cc(73)] ReadMemory at 0xad8850 of 132 bytes failed: ?????? ReadProcessMemory ??? WriteProcessMemory ??? ???????? ?????? ????????. (0x12B)
[1023/151753.222:ERROR:process_memory_win.cc(73)] ReadMemory at 0xad8940 of 132 bytes failed: ?????? ReadProcessMemory ??? WriteProcessMemory ??? ???????? ?????? ????????. (0x12B)
[1023/151753.222:ERROR:process_memory_win.cc(73)] ReadMemory at 0xad8a30 of 132 bytes failed: ?????? ReadProcessMemory ??? WriteProcessMemory ??? ???????? ?????? ????????. (0x12B)
[1023/151753.222:ERROR:process_memory_win.cc(73)] ReadMemory at 0xad8b20 of 132 bytes failed: ?????? ReadProcessMemory ??? WriteProcessMemory ??? ???????? ?????? ????????. (0x12B)
[1023/151753.222:ERROR:process_memory_win.cc(73)] ReadMemory at 0xad8c10 of 132 bytes failed: ?????? ReadProcessMemory ??? WriteProcessMemory ??? ???????? ?????? ????????. (0x12B)
[1023/151753.222:ERROR:process_memory_win.cc(73)] ReadMemory at 0xad8d00 of 132 bytes failed: ?????? ReadProcessMemory ??? WriteProcessMemory ??? ???????? ?????? ????????. (0x12B)
[1023/151753.222:ERROR:process_memory_win.cc(73)] ReadMemory at 0xad8df0 of 132 bytes failed: ?????? ReadProcessMemory ??? WriteProcessMemory ??? ???????? ?????? ????????. (0x12B)
[1023/151753.222:ERROR:process_memory_win.cc(73)] ReadMemory at 0xad8ee0 of 132 bytes failed: ?????? ReadProcessMemory ??? WriteProcessMemory ??? ???????? ?????? ????????. (0x12B)
[1023/151753.222:ERROR:process_memory_win.cc(73)] ReadMemory at 0xad8fd0 of 132 bytes failed: ?????? ReadProcessMemory ??? WriteProcessMemory ??? ???????? ?????? ????????. (0x12B)
[1023/151753.222:ERROR:process_memory_win.cc(73)] ReadMemory at 0xad90c0 of 132 bytes failed: ?????? ReadProcessMemory ??? WriteProcessMemory ??? ???????? ?????? ????????. (0x12B)
[1023/151753.222:ERROR:process_memory_win.cc(73)] ReadMemory at 0xad91b0 of 132 bytes failed: ?????? ReadProcessMemory ??? WriteProcessMemory ??? ???????? ?????? ????????. (0x12B)
[1023/151753.222:ERROR:process_memory_win.cc(73)] ReadMemory at 0xad92a0 of 132 bytes failed: ?????? ReadProcessMemory ??? WriteProcessMemory ??? ???????? ?????? ????????. (0x12B)
[1023/151753.222:ERROR:process_memory_win.cc(73)] ReadMemory at 0xad9390 of 132 bytes failed: ?????? ReadProcessMemory ??? WriteProcessMemory ??? ???????? ?????? ????????. (0x12B)
[1023/151753.222:ERROR:process_memory_win.cc(73)] ReadMemory at 0xad9480 of 132 bytes failed: ?????? ReadProcessMemory ??? WriteProcessMemory ??? ???????? ?????? ????????. (0x12B)
[1023/151753.222:ERROR:process_memory_win.cc(73)] ReadMemory at 0xad9570 of 132 bytes failed: ?????? ReadProcessMemory ??? WriteProcessMemory ??? ???????? ?????? ????????. (0x12B)
[1023/151753.222:ERROR:process_memory_win.cc(73)] ReadMemory at 0xad9660 of 132 bytes failed: ?????? ReadProcessMemory ??? WriteProcessMemory ??? ???????? ?????? ????????. (0x12B)
[1023/151753.222:ERROR:process_memory_win.cc(73)] ReadMemory at 0xad9750 of 132 bytes failed: ?????? ReadProcessMemory ??? WriteProcessMemory ??? ???????? ?????? ????????. (0x12B)
[1023/151753.222:ERROR:process_memory_win.cc(73)] ReadMemory at 0xad9840 of 132 bytes failed: ?????? ReadProcessMemory ??? WriteProcessMemory ??? ???????? ?????? ????????. (0x12B)
[1023/151753.222:ERROR:process_memory_win.cc(73)] ReadMemory at 0xad9930 of 132 bytes failed: ?????? ReadProcessMemory ??? WriteProcessMemory ??? ???????? ?????? ????????. (0x12B)
[1023/151753.222:ERROR:process_memory_win.cc(73)] ReadMemory at 0xad9a20 of 132 bytes failed: ?????? ReadProcessMemory ??? WriteProcessMemory ??? ???????? ?????? ????????. (0x12B)
[1023/151753.222:ERROR:process_memory_win.cc(73)] ReadMemory at 0xad9b10 of 132 bytes failed: ?????? ReadProcessMemory ??? WriteProcessMemory ??? ???????? ?????? ????????. (0x12B)
[1023/151753.222:ERROR:process_memory_win.cc(73)] ReadMemory at 0xad9c00 of 132 bytes failed: ?????? ReadProcessMemory ??? WriteProcessMemory ??? ???????? ?????? ????????. (0x12B)
[1023/151753.222:ERROR:process_memory_win.cc(73)] ReadMemory at 0xad9cf0 of 132 bytes failed: ?????? ReadProcessMemory ??? WriteProcessMemory ??? ???????? ?????? ????????. (0x12B)
[1023/151753.222:ERROR:process_memory_win.cc(73)] ReadMemory at 0xad9de0 of 132 bytes failed: ?????? ReadProcessMemory ??? WriteProcessMemory ??? ???????? ?????? ????????. (0x12B)
[1023/151753.222:ERROR:process_memory_win.cc(73)] ReadMemory at 0xad9ed0 of 132 bytes failed: ?????? ReadProcessMemory ??? WriteProcessMemory ??? ???????? ?????? ????????. (0x12B)
[1023/151753.222:ERROR:process_memory_win.cc(73)] ReadMemory at 0xad9fc0 of 132 bytes failed: ?????? ReadProcessMemory ??? WriteProcessMemory ??? ???????? ?????? ????????. (0x12B)
[1023/151753.222:ERROR:process_memory_win.cc(73)] ReadMemory at 0xada0b0 of 132 bytes failed: ?????? ReadProcessMemory ??? WriteProcessMemory ??? ???????? ?????? ????????. (0x12B)
[1023/151753.222:ERROR:process_memory_win.cc(73)] ReadMemory at 0xada1a0 of 132 bytes failed: ?????? ReadProcessMemory ??? WriteProcessMemory ??? ???????? ?????? ????????. (0x12B)
[1023/151753.222:ERROR:process_memory_win.cc(73)] ReadMemory at 0xada470 of 132 bytes failed: ?????? ReadProcessMemory ??? WriteProcessMemory ??? ???????? ?????? ????????. (0x12B)
[1023/151753.222:ERROR:process_memory_win.cc(73)] ReadMemory at 0xb02250 of 62 bytes failed: ?????? ReadProcessMemory ??? WriteProcessMemory ??? ???????? ?????? ????????. (0x12B)
[1023/151753.222:ERROR:process_memory_win.cc(73)] ReadMemory at 0xb022a0 of 62 bytes failed: ?????? ReadProcessMemory ??? WriteProcessMemory ??? ???????? ?????? ????????. (0x12B)
[1023/151753.222:ERROR:process_memory_win.cc(73)] ReadMemory at 0xb4b620 of 512 bytes failed: ?????? ReadProcessMemory ??? WriteProcessMemory ??? ???????? ?????? ????????. (0x12B)
[1023/151753.223:ERROR:process_memory_win.cc(73)] ReadMemory at 0xb51180 of 512 bytes failed: ?????? ReadProcessMemory ??? WriteProcessMemory ??? ???????? ?????? ????????. (0x12B)
[1023/151753.223:ERROR:process_memory_win.cc(73)] ReadMemory at 0xb53930 of 512 bytes failed: ?????? ReadProcessMemory ??? WriteProcessMemory ??? ???????? ?????? ????????. (0x12B)
[1023/151753.223:ERROR:process_memory_win.cc(73)] ReadMemory at 0xb583c0 of 512 bytes failed: ?????? ReadProcessMemory ??? WriteProcessMemory ??? ???????? ?????? ????????. (0x12B)
[1023/151753.223:ERROR:process_memory_win.cc(73)] ReadMemory at 0xb6b130 of 592 bytes failed: ?????? ReadProcessMemory ??? WriteProcessMemory ??? ???????? ?????? ????????. (0x12B)
[1023/151753.223:ERROR:process_memory_win.cc(73)] ReadMemory at 0xb761b0 of 712 bytes failed: ?????? ReadProcessMemory ??? WriteProcessMemory ??? ???????? ?????? ????????. (0x12B)
[1023/151753.223:ERROR:process_memory_win.cc(73)] ReadMemory at 0xb79210 of 800 bytes failed: ?????? ReadProcessMemory ??? WriteProcessMemory ??? ???????? ?????? ????????. (0x12B)
[1023/151753.223:ERROR:process_memory_win.cc(73)] ReadMemory at 0x2ca47a0 of 512 bytes failed: ?????? ReadProcessMemory ??? WriteProcessMemory ??? ???????? ?????? ????????. (0x12B)
[1023/151753.223:ERROR:process_memory_win.cc(73)] ReadMemory at 0x2cb4800 of 512 bytes failed: ?????? ReadProcessMemory ??? WriteProcessMemory ??? ???????? ?????? ????????. (0x12B)
[1023/151753.223:ERROR:process_memory_win.cc(73)] ReadMemory at 0x2d208b0 of 512 bytes failed: ?????? ReadProcessMemory ??? WriteProcessMemory ??? ???????? ?????? ????????. (0x12B)
[1023/151753.223:ERROR:process_memory_win.cc(73)] ReadMemory at 0x2d22c66 of 524 bytes failed: ?????? ReadProcessMemory ??? WriteProcessMemory ??? ???????? ?????? ????????. (0x12B)
[1023/151753.223:ERROR:process_memory_win.cc(73)] ReadMemory at 0x2d9ef20 of 512 bytes failed: ?????? ReadProcessMemory ??? WriteProcessMemory ??? ???????? ?????? ????????. (0x12B)
[1023/151753.223:ERROR:process_memory_win.cc(73)] ReadMemory at 0x74141c0 of 512 bytes failed: ?????? ReadProcessMemory ??? WriteProcessMemory ??? ???????? ?????? ????????. (0x12B)
[1023/151753.223:ERROR:process_memory_win.cc(73)] ReadMemory at 0x7445df0 of 512 bytes failed: ?????? ReadProcessMemory ??? WriteProcessMemory ??? ???????? ?????? ????????. (0x12B)
[1023/151753.223:ERROR:process_memory_win.cc(73)] ReadMemory at 0x748aad8 of 512 bytes failed: ?????? ReadProcessMemory ??? WriteProcessMemory ??? ???????? ?????? ????????. (0x12B)
[1023/151753.223:ERROR:process_memory_win.cc(73)] ReadMemory at 0x74d2050 of 512 bytes failed: ?????? ReadProcessMemory ??? WriteProcessMemory ??? ???????? ?????? ????????. (0x12B)
[1023/151753.223:ERROR:process_memory_win.cc(73)] ReadMemory at 0x74f0b30 of 512 bytes failed: ?????? ReadProcessMemory ??? WriteProcessMemory ??? ???????? ?????? ????????. (0x12B)
[1023/151753.223:ERROR:process_memory_win.cc(73)] ReadMemory at 0xc57ced0 of 512 bytes failed: ?????? ReadProcessMemory ??? WriteProcessMemory ??? ???????? ?????? ????????. (0x12B)
[1023/151753.223:ERROR:process_memory_win.cc(73)] ReadMemory at 0xe196110 of 512 bytes failed: ?????? ReadProcessMemory ??? WriteProcessMemory ??? ???????? ?????? ????????. (0x12B)
[1023/151753.223:ERROR:process_memory_win.cc(73)] ReadMemory at 0x77a9b228 of 512 bytes failed: ?????? ReadProcessMemory ??? WriteProcessMemory ??? ???????? ?????? ????????. (0x12B)
[1023/151753.223:ERROR:process_memory_win.cc(73)] ReadMemory at 0x77bb7bc8 of 18 bytes failed: ?????? ReadProcessMemory ??? WriteProcessMemory ??? ???????? ?????? ????????. (0x12B)
[1023/151753.223:ERROR:process_memory_win.cc(73)] ReadMemory at 0x77bba6c8 of 576 bytes failed: ?????? ReadProcessMemory ??? WriteProcessMemory ??? ???????? ?????? ????????. (0x12B)
[1023/151753.223:ERROR:process_memory_win.cc(73)] ReadMemory at 0x77bba928 of 672 bytes failed: ?????? ReadProcessMemory ??? WriteProcessMemory ??? ???????? ?????? ????????. (0x12B)
[1023/151753.223:ERROR:process_memory_win.cc(73)] ReadMemory at 0x77bc3160 of 512 bytes failed: ?????? ReadProcessMemory ??? WriteProcessMemory ??? ???????? ?????? ????????. (0x12B)
[1023/151753.223:ERROR:process_memory_win.cc(73)] ReadMemory at 0x77c1984a of 592 bytes failed: ?????? ReadProcessMemory ??? WriteProcessMemory ??? ???????? ?????? ????????. (0x12B)
[1023/151753.223:ERROR:process_memory_win.cc(73)] ReadMemory at 0x77c19b4a of 512 bytes failed: ?????? ReadProcessMemory ??? WriteProcessMemory ??? ???????? ?????? ????????. (0x12B)
[1023/151753.223:ERROR:process_memory_win.cc(73)] ReadMemory at 0x77c19dba of 512 bytes failed: ?????? ReadProcessMemory ??? WriteProcessMemory ??? ???????? ?????? ????????. (0x12B)
[1023/151753.223:ERROR:process_memory_win.cc(73)] ReadMemory at 0x77c1b0fa of 528 bytes failed: ?????? ReadProcessMemory ??? WriteProcessMemory ??? ???????? ?????? ????????. (0x12B)
[1023/151753.223:ERROR:process_memory_win.cc(73)] ReadMemory at 0x77ca9360 of 512 bytes failed: ?????? ReadProcessMemory ??? WriteProcessMemory ??? ???????? ?????? ????????. (0x12B)
[1023/151753.223:ERROR:process_memory_win.cc(73)] ReadMemory at 0x77cd80d8 of 40 bytes failed: ?????? ReadProcessMemory ??? WriteProcessMemory ??? ???????? ?????? ????????. (0x12B)
[1023/151753.223:ERROR:process_memory_win.cc(73)] ReadMemory at 0x77ce2dc0 of 48 bytes failed: ?????? ReadProcessMemory ??? WriteProcessMemory ??? ???????? ?????? ????????. (0x12B)
[1023/151753.223:ERROR:process_memory_win.cc(73)] ReadMemory at 0x77ce2e40 of 64 bytes failed: ?????? ReadProcessMemory ??? WriteProcessMemory ??? ???????? ?????? ????????. (0x12B)
[1023/151753.223:ERROR:process_memory_win.cc(73)] ReadMemory at 0x75c00000000 of 384 bytes failed: ?????? ReadProcessMemory ??? WriteProcessMemory ??? ???????? ?????? ????????. (0x12B)
[1023/151753.223:ERROR:process_memory_win.cc(73)] ReadMemory at 0x75c080422f9 of 512 bytes failed: ?????? ReadProcessMemory ??? WriteProcessMemory ??? ???????? ?????? ????????. (0x12B)
[1023/151753.224:ERROR:process_memory_win.cc(73)] ReadMemory at 0x75c09385b89 of 512 bytes failed: ?????? ReadProcessMemory ??? WriteProcessMemory ??? ???????? ?????? ????????. (0x12B)
[1023/151753.224:ERROR:process_memory_win.cc(73)] ReadMemory at 0x7fed6194090 of 512 bytes failed: ?????? ReadProcessMemory ??? WriteProcessMemory ??? ???????? ?????? ????????. (0x12B)
[1023/151753.224:ERROR:process_memory_win.cc(73)] ReadMemory at 0x7fed7e1ae38 of 512 bytes failed: ?????? ReadProcessMemory ??? WriteProcessMemory ??? ???????? ?????? ????????. (0x12B)
[1023/151753.224:ERROR:process_memory_win.cc(73)] ReadMemory at 0x7feddd6debb of 512 bytes failed: ?????? ReadProcessMemory ??? WriteProcessMemory ??? ???????? ?????? ????????. (0x12B)
[1023/151753.224:ERROR:process_memory_win.cc(73)] ReadMemory at 0x7fee03e9b10 of 512 bytes failed: ?????? ReadProcessMemory ??? WriteProcessMemory ??? ???????? ?????? ????????. (0x12B)
[1023/151753.224:ERROR:process_memory_win.cc(73)] ReadMemory at 0x7fefd9bbd7d of 512 bytes failed: ?????? ReadProcessMemory ??? WriteProcessMemory ??? ???????? ?????? ????????. (0x12B)
[1023/151753.224:ERROR:process_memory_win.cc(73)] ReadMemory at 0x7fffff9a000 of 6024 bytes failed: ?????? ReadProcessMemory ??? WriteProcessMemory ??? ???????? ?????? ????????. (0x12B)
[1023/151753.224:ERROR:process_memory_win.cc(73)] ReadMemory at 0x7fffff9c000 of 6024 bytes failed: ?????? ReadProcessMemory ??? WriteProcessMemory ??? ???????? ?????? ????????. (0x12B)
[1023/151753.224:ERROR:process_memory_win.cc(73)] ReadMemory at 0x7fffff9e000 of 6024 bytes failed: ?????? ReadProcessMemory ??? WriteProcessMemory ??? ???????? ?????? ????????. (0x12B)
[1023/151753.224:ERROR:process_memory_win.cc(73)] ReadMemory at 0x7fffffa0000 of 6024 bytes failed: ?????? ReadProcessMemory ??? WriteProcessMemory ??? ???????? ?????? ????????. (0x12B)
[1023/151753.224:ERROR:process_memory_win.cc(73)] ReadMemory at 0x7fffffa2000 of 6024 bytes failed: ?????? ReadProcessMemory ??? WriteProcessMemory ??? ???????? ?????? ????????. (0x12B)
[1023/151753.224:ERROR:process_memory_win.cc(73)] ReadMemory at 0x7fffffa4000 of 6024 bytes failed: ?????? ReadProcessMemory ??? WriteProcessMemory ??? ???????? ?????? ????????. (0x12B)
[1023/151753.224:ERROR:process_memory_win.cc(73)] ReadMemory at 0x7fffffa6000 of 6024 bytes failed: ?????? ReadProcessMemory ??? WriteProcessMemory ??? ???????? ?????? ????????. (0x12B)
[1023/151753.224:ERROR:process_memory_win.cc(73)] ReadMemory at 0x7fffffa8000 of 6024 bytes failed: ?????? ReadProcessMemory ??? WriteProcessMemory ??? ???????? ?????? ????????. (0x12B)
[1023/151753.224:ERROR:process_memory_win.cc(73)] ReadMemory at 0x7fffffaa000 of 6024 bytes failed: ?????? ReadProcessMemory ??? WriteProcessMemory ??? ???????? ?????? ????????. (0x12B)
[1023/151753.224:ERROR:process_memory_win.cc(73)] ReadMemory at 0x7fffffac000 of 6024 bytes failed: ?????? ReadProcessMemory ??? WriteProcessMemory ??? ???????? ?????? ????????. (0x12B)
[1023/151753.225:ERROR:process_memory_win.cc(73)] ReadMemory at 0x7fffffae000 of 6024 bytes failed: ?????? ReadProcessMemory ??? WriteProcessMemory ??? ???????? ?????? ????????. (0x12B)
[1023/151753.225:ERROR:process_memory_win.cc(73)] ReadMemory at 0x7fffffd5000 of 6024 bytes failed: ?????? ReadProcessMemory ??? WriteProcessMemory ??? ???????? ?????? ????????. (0x12B)
[1023/151753.225:ERROR:process_memory_win.cc(73)] ReadMemory at 0x7fffffd7000 of 6024 bytes failed: ?????? ReadProcessMemory ??? WriteProcessMemory ??? ???????? ?????? ????????. (0x12B)
[1023/151753.225:ERROR:process_memory_win.cc(73)] ReadMemory at 0x7fffffd9000 of 852 bytes failed: ?????? ReadProcessMemory ??? WriteProcessMemory ??? ???????? ?????? ????????. (0x12B)
[1023/151753.225:ERROR:process_memory_win.cc(73)] ReadMemory at 0x7fffffda000 of 6024 bytes failed: ?????? ReadProcessMemory ??? WriteProcessMemory ??? ???????? ?????? ????????. (0x12B)
[1023/151753.225:ERROR:process_memory_win.cc(73)] ReadMemory at 0x7fffffdc000 of 6024 bytes failed: ?????? ReadProcessMemory ??? WriteProcessMemory ??? ???????? ?????? ????????. (0x12B)
[1023/151753.225:ERROR:process_memory_win.cc(73)] ReadMemory at 0x7fffffde000 of 6024 bytes failed: ?????? ReadProcessMemory ??? WriteProcessMemory ??? ???????? ?????? ????????. (0x12B)
[1023/151753.227:ERROR:scoped_process_suspend.cc(40)] NtResumeProcess: ??????? ??????? ? ????????, ???????????? ????????? ??????????. (0xc000010a)
[1023/153701.538:ERROR:directory_reader_win.cc(43)] FindFirstFile: ??????? ?? ??????? ????? ????????? ????. (0x3)
[1023/162731.271:ERROR:directory_reader_win.cc(43)] FindFirstFile: ??????? ?? ??????? ????? ????????? ????. (0x3)
[1024/153700.973:ERROR:directory_reader_win.cc(43)] FindFirstFile: ??????? ?? ??????? ????? ????????? ????. (0x3)
[1025/153700.137:ERROR:directory_reader_win.cc(43)] FindFirstFile: ??????? ?? ??????? ????? ????????? ????. (0x3)
[1026/105553.087:ERROR:directory_reader_win.cc(43)] FindFirstFile: ??????? ?? ??????? ????? ????????? ????. (0x3)
[1026/171407.084:ERROR:directory_reader_win.cc(43)] FindFirstFile: ??????? ?? ??????? ????? ????????? ????. (0x3)
[1027/105827.097:ERROR:directory_reader_win.cc(43)] FindFirstFile: ??????? ?? ??????? ????? ????????? ????. (0x3)
[1027/130216.962:ERROR:directory_reader_win.cc(43)] FindFirstFile: ??????? ?? ??????? ????? ????????? ????. (0x3)
[1027/134015.906:ERROR:directory_reader_win.cc(43)] FindFirstFile: ??????? ?? ??????? ????? ????????? ????. (0x3)
[1027/142627.170:ERROR:directory_reader_win.cc(43)] FindFirstFile: ??????? ?? ??????? ????? ????????? ????. (0x3)
[1027/172825.153:ERROR:directory_reader_win.cc(43)] FindFirstFile: ??????? ?? ??????? ????? ????????? ????. (0x3)
[1028/130216.429:ERROR:directory_reader_win.cc(43)] FindFirstFile: ??????? ?? ??????? ????? ????????? ????. (0x3)
[1028/174132.238:ERROR:directory_reader_win.cc(43)] FindFirstFile: ??????? ?? ??????? ????? ????????? ????. (0x3)
[1029/145954.359:ERROR:directory_reader_win.cc(43)] FindFirstFile: ??????? ?? ??????? ????? ????????? ????. (0x3)
[1029/150900.873:ERROR:directory_reader_win.cc(43)] FindFirstFile: ??????? ?? ??????? ????? ????????? ????. (0x3)
[1029/154112.920:ERROR:directory_reader_win.cc(43)] FindFirstFile: ??????? ?? ??????? ????? ????????? ????. (0x3)
[1029/174645.883:ERROR:directory_reader_win.cc(43)] FindFirstFile: ??????? ?? ??????? ????? ????????? ????. (0x3)
[1030/145953.677:ERROR:directory_reader_win.cc(43)] FindFirstFile: ??????? ?? ??????? ????? ????????? ????. (0x3)
[1030/154940.347:ERROR:directory_reader_win.cc(43)] FindFirstFile: ??????? ?? ??????? ????? ????????? ????. (0x3)
[1031/145953.112:ERROR:directory_reader_win.cc(43)] FindFirstFile: ??????? ?? ??????? ????? ????????? ????. (0x3)
[1031/154939.516:ERROR:directory_reader_win.cc(43)] FindFirstFile: ??????? ?? ??????? ????? ????????? ????. (0x3)
[1101/145952.277:ERROR:directory_reader_win.cc(43)] FindFirstFile: ??????? ?? ??????? ????? ????????? ????. (0x3)
[1101/154938.948:ERROR:directory_reader_win.cc(43)] FindFirstFile: ??????? ?? ??????? ????? ????????? ????. (0x3)
[1102/153526.461:ERROR:directory_reader_win.cc(43)] FindFirstFile: ??????? ?? ??????? ????? ????????? ????. (0x3)
[1118/155257.543:ERROR:directory_reader_win.cc(43)] FindFirstFile: ??????? ?? ??????? ????? ????????? ????. (0x3)
[1118/171854.831:ERROR:directory_reader_win.cc(43)] FindFirstFile: ??????? ?? ??????? ????? ????????? ????. (0x3)
[1118/173522.367:ERROR:directory_reader_win.cc(43)] FindFirstFile: ??????? ?? ??????? ????? ????????? ????. (0x3)
[1119/095545.659:ERROR:directory_reader_win.cc(43)] FindFirstFile: ??????? ?? ??????? ????? ????????? ????. (0x3)
[1119/100046.523:ERROR:directory_reader_win.cc(43)] FindFirstFile: ??????? ?? ??????? ????? ????????? ????. (0x3)
[1119/100246.126:ERROR:directory_reader_win.cc(43)] FindFirstFile: ??????? ?? ??????? ????? ????????? ????. (0x3)
[1120/093440.284:ERROR:directory_reader_win.cc(43)] FindFirstFile: ??????? ?? ??????? ????? ????????? ????. (0x3)
[1120/093925.967:ERROR:directory_reader_win.cc(43)] FindFirstFile: ??????? ?? ??????? ????? ????????? ????. (0x3)
[1120/094110.545:ERROR:directory_reader_win.cc(43)] FindFirstFile: ??????? ?? ??????? ????? ????????? ????. (0x3)
[1121/093439.487:ERROR:directory_reader_win.cc(43)] FindFirstFile: ??????? ?? ??????? ????? ????????? ????. (0x3)
[1122/093438.653:ERROR:directory_reader_win.cc(43)] FindFirstFile: ??????? ?? ??????? ????? ????????? ????. (0x3)
[1123/093437.811:ERROR:directory_reader_win.cc(43)] FindFirstFile: ??????? ?? ??????? ????? ????????? ????. (0x3)
[1123/101549.832:ERROR:directory_reader_win.cc(43)] FindFirstFile: ??????? ?? ??????? ????? ????????? ????. (0x3)
[1123/102109.370:ERROR:directory_reader_win.cc(43)] FindFirstFile: ??????? ?? ??????? ????? ????????? ????. (0x3)
[1123/102305.655:ERROR:directory_reader_win.cc(43)] FindFirstFile: ??????? ?? ??????? ????? ????????? ????. (0x3)
[1125/094159.296:ERROR:directory_reader_win.cc(43)] FindFirstFile: ??????? ?? ??????? ????? ????????? ????. (0x3)
[1125/094655.089:ERROR:directory_reader_win.cc(43)] FindFirstFile: ??????? ?? ??????? ????? ????????? ????. (0x3)
[1125/094939.268:ERROR:directory_reader_win.cc(43)] FindFirstFile: ??????? ?? ??????? ????? ????????? ????. (0x3)
[1126/095447.144:ERROR:directory_reader_win.cc(43)] FindFirstFile: ??????? ?? ??????? ????? ????????? ????. (0x3)
[1126/100007.412:ERROR:directory_reader_win.cc(43)] FindFirstFile: ??????? ?? ??????? ????? ????????? ????. (0x3)
[1126/100204.599:ERROR:directory_reader_win.cc(43)] FindFirstFile: ??????? ?? ??????? ????? ????????? ????. (0x3)
[1126/120746.557:ERROR:directory_reader_win.cc(43)] FindFirstFile: ??????? ?? ??????? ????? ????????? ????. (0x3)
[1126/121832.971:ERROR:directory_reader_win.cc(43)] FindFirstFile: ??????? ?? ??????? ????? ????????? ????. (0x3)
