#
# A fatal error has been detected by the Java Runtime Environment:
#
#  EXCEPTION_ACCESS_VIOLATION (0xc0000005) at pc=0x000007fec87603cb, pid=3872, tid=3732
#
# JRE version: Java(TM) SE Runtime Environment (12.0.1+12) (build 12.0.1+12)
# Java VM: Java HotSpot(TM) 64-Bit Server VM (12.0.1+12, mixed mode, sharing, tiered, compressed oops, g1 gc, windows-amd64)
# Problematic frame:
# V  [jvm.dll+0x6c03cb]
#
# No core dump will be written. Minidumps are not enabled by default on client versions of Windows
#
# If you would like to submit a bug report, please visit:
#   http://bugreport.java.com/bugreport/crash.jsp
#

---------------  S U M M A R Y ------------

Command Line: -agentlib:jdwp=transport=dt_socket,address=127.0.0.1:60895,suspend=y,server=n -ea -Didea.test.cyclic.buffer.size=1048576 -javaagent:C:\Users\Dobrynin\.IdeaIC2019.2\system\captureAgent\debugger-agent.jar -Dfile.encoding=UTF-8 com.intellij.rt.execution.junit.JUnitStarter -ideVersion5 -junit5 @w@C:\Users\Dobrynin\AppData\Local\Temp\idea_working_dirs_junit.tmp @C:\Users\Dobrynin\AppData\Local\Temp\idea_junit.tmp

Host: Intel(R) Core(TM) i5-7600 CPU @ 3.50GHz, 4 cores, 7G,  Windows 7 , 64 bit Build 7601 (6.1.7601.24441)
Time: Tue Sep 29 13:22:26 2020  elapsed time: 347355 seconds (4d 0h 29m 15s)

---------------  T H R E A D  ---------------

Current thread (0x0000000022000800):  VMThread "VM Thread" [stack: 0x0000000022140000,0x0000000022240000] [id=3732]

Stack: [0x0000000022140000,0x0000000022240000],  sp=0x000000002223e800,  free space=1018k
Native frames: (J=compiled Java code, j=interpreted, Vv=VM code, C=native code)
V  [jvm.dll+0x6c03cb]
V  [jvm.dll+0x34d3d3]
V  [jvm.dll+0x34f341]
V  [jvm.dll+0x34fb6e]
V  [jvm.dll+0x34d07c]
V  [jvm.dll+0x34c2b2]
V  [jvm.dll+0x628425]
V  [jvm.dll+0x6281ad]
V  [jvm.dll+0x5ef77a]
V  [jvm.dll+0x504387]
V  [jvm.dll+0x78dccc]
V  [jvm.dll+0x791b27]
V  [jvm.dll+0x792366]
V  [jvm.dll+0x792697]
V  [jvm.dll+0x748648]
V  [jvm.dll+0x638566]
C  [ucrtbase.DLL+0x1d885]
C  [kernel32.dll+0x1556d]
C  [ntdll.dll+0x5385d]


siginfo: EXCEPTION_ACCESS_VIOLATION (0xc0000005), reading address 0x0000000000000006


Register to memory mapping:

RIP=0x000007fec87603cb jvm.dll
RAX=0x000000002223e890 points into unknown readable memory: ac 03 00 46 00 00 00 00
RBX=0x000000002223e860 points into unknown readable memory: 70 e1 93 c8 fe 07 00 00
RCX=0x0 is NULL
RDX=0x0 is NULL
RSP=0x000000002223e800 points into unknown readable memory: 60 e8 23 22 00 00 00 00
RBP=0x000000002223ed70 points into unknown readable memory: 48 c5 fe 21 00 00 00 00
RSI=0x0 is NULL
RDI=0x0 is NULL
R8 =0x0 is NULL
R9 =0x0000000021d6c540 is pointing into metadata
R10=0x000007fec80a0000 jvm.dll
R11={method} {0x0000000021d6e110} 'RequestMethodAll' '(Ljava/lang/String;Ljava/lang/String;)Ljava/util/List;' in 'b2b/Requests'
R12=0x0000000023d8ab50 points into unknown readable memory: 00 00 00 00 bd 03 00 00
R13=0x00000000000007d0 is an unknown value
R14=0x0000000021d6db13 is pointing into metadata
R15=0x00000000000003d6 is an unknown value


Registers:
RAX=0x000000002223e890, RBX=0x000000002223e860, RCX=0x0000000000000000, RDX=0x0000000000000000
RSP=0x000000002223e800, RBP=0x000000002223ed70, RSI=0x0000000000000000, RDI=0x0000000000000000
R8 =0x0000000000000000, R9 =0x0000000021d6c540, R10=0x000007fec80a0000, R11=0x0000000021d6e108
R12=0x0000000023d8ab50, R13=0x00000000000007d0, R14=0x0000000021d6db13, R15=0x00000000000003d6
RIP=0x000007fec87603cb, EFLAGS=0x0000000000010246

Top of Stack: (sp=0x000000002223e800)
0x000000002223e800:   000000002223e860 0000000022000800
0x000000002223e810:   0000000100000000 000007fec87609cb
0x000000002223e820:   0000000000000000 000007fec83ed3d3
0x000000002223e830:   0000000000000000 000000002223eee0
0x000000002223e840:   0000000000000068 0000000800782a3c
0x000000002223e850:   000007fec80a0000 ffffffffffffffff
0x000000002223e860:   000007fec893e170 0000000000000000
0x000000002223e870:   0000000000000000 000007fe0000000c
0x000000002223e880:   000000002223e890 0000000000000000
0x000000002223e890:   00000000460003ac 0000000021fec2d0
0x000000002223e8a0:   4fffffff4fffffff 4fffffff4fffffff
0x000000002223e8b0:   000007fec893e170 00000008004f80b8
0x000000002223e8c0:   0000000000000041 000000000000000c
0x000000002223e8d0:   000000002223e8f0 0000000000000003
0x000000002223e8e0:   0000000046000064 000007fec87609cb
0x000000002223e8f0:   4fffffff4fffffff 4fffffff4fffffff 

Instructions: (pc=0x000007fec87603cb)
0x000007fec87603ab:   cc cc cc cc cc 40 53 48 83 ec 20 c7 41 10 00 00
0x000007fec87603bb:   00 00 48 8b d9 48 89 7c 24 38 48 8b 79 08 33 c9
0x000007fec87603cb:   80 7f 06 28 74 26 44 8d 49 28 8d 51 35 48 8d 0d
0x000007fec87603db:   01 bf 22 00 4c 8d 05 ea be 22 00 e8 65 1a ba ff 


Stack slot to memory mapping:
stack at sp + 0 slots: 0x000000002223e860 points into unknown readable memory: 70 e1 93 c8 fe 07 00 00
stack at sp + 1 slots: 0x0000000022000800 points into unknown readable memory: 68 04 9b c8 fe 07 00 00
stack at sp + 2 slots: 0x0000000100000000 is an unknown value
stack at sp + 3 slots: 0x000007fec87609cb jvm.dll
stack at sp + 4 slots: 0x0 is NULL
stack at sp + 5 slots: 0x000007fec83ed3d3 jvm.dll
stack at sp + 6 slots: 0x0 is NULL
stack at sp + 7 slots: 0x000000002223eee0 points into unknown readable memory: 58 b4 97 c8 fe 07 00 00

VM_Operation (0x0000000022abf4e0): GetOrSetLocal, mode: safepoint, requested by thread 0x0000000022ef2800


---------------  P R O C E S S  ---------------

Threads class SMR info:
_java_thread_list=0x0000000023215d30, length=13, elements={
0x0000000000455000, 0x0000000022002800, 0x0000000022004000, 0x0000000022019000,
0x000000002201c800, 0x000000002201f800, 0x0000000022024800, 0x0000000022030000,
0x0000000021fed000, 0x0000000022ef2800, 0x0000000022f36000, 0x0000000022f46800,
0x0000000023674000
}

Java Threads: ( => current thread )
  0x0000000000455000 JavaThread "main" [_thread_blocked, id=9276, stack(0x0000000002210000,0x0000000002310000)]
  0x0000000022002800 JavaThread "Reference Handler" daemon [_thread_blocked, id=6072, stack(0x0000000022360000,0x0000000022460000)]
  0x0000000022004000 JavaThread "Finalizer" daemon [_thread_blocked, id=2868, stack(0x0000000022240000,0x0000000022340000)]
  0x0000000022019000 JavaThread "Signal Dispatcher" daemon [_thread_blocked, id=8388, stack(0x0000000022580000,0x0000000022680000)]
  0x000000002201c800 JavaThread "Attach Listener" daemon [_thread_blocked, id=6780, stack(0x00000000226d0000,0x00000000227d0000)]
  0x000000002201f800 JavaThread "C2 CompilerThread0" daemon [_thread_blocked, id=5632, stack(0x00000000228a0000,0x00000000229a0000)]
  0x0000000022024800 JavaThread "C1 CompilerThread0" daemon [_thread_blocked, id=4092, stack(0x0000000022b20000,0x0000000022c20000)]
  0x0000000022030000 JavaThread "Sweeper thread" daemon [_thread_blocked, id=10340, stack(0x0000000022d20000,0x0000000022e20000)]
  0x0000000021fed000 JavaThread "Common-Cleaner" daemon [_thread_blocked, id=4532, stack(0x0000000022480000,0x0000000022580000)]
  0x0000000022ef2800 JavaThread "JDWP Transport Listener: dt_socket" daemon [_thread_blocked, id=8624, stack(0x00000000229c0000,0x0000000022ac0000)] _threads_hazard_ptr=0x0000000023215d30
  0x0000000022f36000 JavaThread "JDWP Event Helper Thread" daemon [_thread_blocked, id=8528, stack(0x0000000023350000,0x0000000023450000)]
  0x0000000022f46800 JavaThread "JDWP Command Reader" daemon [_thread_in_native, id=10204, stack(0x00000000234f0000,0x00000000235f0000)]
  0x0000000023674000 JavaThread "Service Thread" daemon [_thread_blocked, id=7392, stack(0x0000000023250000,0x0000000023350000)]

Other Threads:
=>0x0000000022000800 VMThread "VM Thread" [stack: 0x0000000022140000,0x0000000022240000] [id=3732]
  0x0000000023679800 WatcherThread [stack: 0x0000000023f60000,0x0000000024060000] [id=10960]
  0x0000000000492800 GCTaskThread "GC Thread#0" [stack: 0x000000001ebb0000,0x000000001ecb0000] [id=8708]
  0x00000000238c1800 GCTaskThread "GC Thread#1" [stack: 0x00000000241c0000,0x00000000242c0000] [id=8352]
  0x00000000238c2000 GCTaskThread "GC Thread#2" [stack: 0x0000000023e10000,0x0000000023f10000] [id=10680]
  0x00000000004a2800 ConcurrentGCThread "G1 Main Marker" [stack: 0x000000001ed00000,0x000000001ee00000] [id=9968]
  0x00000000004a4000 ConcurrentGCThread "G1 Conc#0" [stack: 0x000000001ef90000,0x000000001f090000] [id=9228]
  0x000000002130e800 ConcurrentGCThread "G1 Refine#0" [stack: 0x0000000021490000,0x0000000021590000] [id=10724]
  0x000000002130f000 ConcurrentGCThread "G1 Young RemSet Sampling" [stack: 0x0000000021610000,0x0000000021710000] [id=10164]

Threads with active compile tasks:

VM state:at safepoint (normal execution)

VM Mutex/Monitor currently owned by a thread:  ([mutex/lock_event])
[0x000000000042f300] Threads_lock - owner thread: 0x0000000022000800

Heap address: 0x0000000082000000, size: 2016 MB, Compressed Oops mode: 32-bit
Narrow klass base: 0x0000000800000000, Narrow klass shift: 3
Compressed class space size: 1073741824 Address: 0x00000008011a0000

Heap:
 garbage-first heap   total 129024K, used 20246K [0x0000000082000000, 0x0000000100000000)
  region size 1024K, 18 young (18432K), 2 survivors (2048K)
 Metaspace       used 5717K, capacity 7774K, committed 8064K, reserved 1056768K
  class space    used 711K, capacity 1044K, committed 1152K, reserved 1048576K
Heap Regions: E=young(eden), S=young(survivor), O=old, HS=humongous(starts), HC=humongous(continues), CS=collection set, F=free, A=archive, TAMS=top-at-mark-start (previous, next)
|   0|0x0000000082000000, 0x0000000082100000, 0x0000000082100000|100%|HS|  |TAMS 0x0000000082000000, 0x0000000082000000| Complete 
|   1|0x0000000082100000, 0x0000000082200000, 0x0000000082200000|100%| O|  |TAMS 0x0000000082100000, 0x0000000082100000| Untracked 
|   2|0x0000000082200000, 0x00000000822c5800, 0x0000000082300000| 77%| O|  |TAMS 0x0000000082200000, 0x0000000082200000| Untracked 
|   3|0x0000000082300000, 0x0000000082300000, 0x0000000082400000|  0%| F|  |TAMS 0x0000000082300000, 0x0000000082300000| Untracked 
|   4|0x0000000082400000, 0x0000000082400000, 0x0000000082500000|  0%| F|  |TAMS 0x0000000082400000, 0x0000000082400000| Untracked 
|   5|0x0000000082500000, 0x0000000082500000, 0x0000000082600000|  0%| F|  |TAMS 0x0000000082500000, 0x0000000082500000| Untracked 
|   6|0x0000000082600000, 0x0000000082600000, 0x0000000082700000|  0%| F|  |TAMS 0x0000000082600000, 0x0000000082600000| Untracked 
|   7|0x0000000082700000, 0x0000000082700000, 0x0000000082800000|  0%| F|  |TAMS 0x0000000082700000, 0x0000000082700000| Untracked 
|   8|0x0000000082800000, 0x0000000082800000, 0x0000000082900000|  0%| F|  |TAMS 0x0000000082800000, 0x0000000082800000| Untracked 
|   9|0x0000000082900000, 0x0000000082900000, 0x0000000082a00000|  0%| F|  |TAMS 0x0000000082900000, 0x0000000082900000| Untracked 
|  10|0x0000000082a00000, 0x0000000082a00000, 0x0000000082b00000|  0%| F|  |TAMS 0x0000000082a00000, 0x0000000082a00000| Untracked 
|  11|0x0000000082b00000, 0x0000000082b00000, 0x0000000082c00000|  0%| F|  |TAMS 0x0000000082b00000, 0x0000000082b00000| Untracked 
|  12|0x0000000082c00000, 0x0000000082c00000, 0x0000000082d00000|  0%| F|  |TAMS 0x0000000082c00000, 0x0000000082c00000| Untracked 
|  13|0x0000000082d00000, 0x0000000082d00000, 0x0000000082e00000|  0%| F|  |TAMS 0x0000000082d00000, 0x0000000082d00000| Untracked 
|  14|0x0000000082e00000, 0x0000000082e00000, 0x0000000082f00000|  0%| F|  |TAMS 0x0000000082e00000, 0x0000000082e00000| Untracked 
|  15|0x0000000082f00000, 0x0000000082f00000, 0x0000000083000000|  0%| F|  |TAMS 0x0000000082f00000, 0x0000000082f00000| Untracked 
|  16|0x0000000083000000, 0x0000000083000000, 0x0000000083100000|  0%| F|  |TAMS 0x0000000083000000, 0x0000000083000000| Untracked 
|  17|0x0000000083100000, 0x0000000083100000, 0x0000000083200000|  0%| F|  |TAMS 0x0000000083100000, 0x0000000083100000| Untracked 
|  18|0x0000000083200000, 0x0000000083200000, 0x0000000083300000|  0%| F|  |TAMS 0x0000000083200000, 0x0000000083200000| Untracked 
|  19|0x0000000083300000, 0x0000000083300000, 0x0000000083400000|  0%| F|  |TAMS 0x0000000083300000, 0x0000000083300000| Untracked 
|  20|0x0000000083400000, 0x0000000083400000, 0x0000000083500000|  0%| F|  |TAMS 0x0000000083400000, 0x0000000083400000| Untracked 
|  21|0x0000000083500000, 0x0000000083500000, 0x0000000083600000|  0%| F|  |TAMS 0x0000000083500000, 0x0000000083500000| Untracked 
|  22|0x0000000083600000, 0x0000000083600000, 0x0000000083700000|  0%| F|  |TAMS 0x0000000083600000, 0x0000000083600000| Untracked 
|  23|0x0000000083700000, 0x0000000083700000, 0x0000000083800000|  0%| F|  |TAMS 0x0000000083700000, 0x0000000083700000| Untracked 
|  24|0x0000000083800000, 0x0000000083800000, 0x0000000083900000|  0%| F|  |TAMS 0x0000000083800000, 0x0000000083800000| Untracked 
|  25|0x0000000083900000, 0x0000000083900000, 0x0000000083a00000|  0%| F|  |TAMS 0x0000000083900000, 0x0000000083900000| Untracked 
|  26|0x0000000083a00000, 0x0000000083a00000, 0x0000000083b00000|  0%| F|  |TAMS 0x0000000083a00000, 0x0000000083a00000| Untracked 
|  27|0x0000000083b00000, 0x0000000083b00000, 0x0000000083c00000|  0%| F|  |TAMS 0x0000000083b00000, 0x0000000083b00000| Untracked 
|  28|0x0000000083c00000, 0x0000000083c00000, 0x0000000083d00000|  0%| F|  |TAMS 0x0000000083c00000, 0x0000000083c00000| Untracked 
|  29|0x0000000083d00000, 0x0000000083d00000, 0x0000000083e00000|  0%| F|  |TAMS 0x0000000083d00000, 0x0000000083d00000| Untracked 
|  30|0x0000000083e00000, 0x0000000083e00000, 0x0000000083f00000|  0%| F|  |TAMS 0x0000000083e00000, 0x0000000083e00000| Untracked 
|  31|0x0000000083f00000, 0x0000000083f00000, 0x0000000084000000|  0%| F|  |TAMS 0x0000000083f00000, 0x0000000083f00000| Untracked 
|  32|0x0000000084000000, 0x0000000084000000, 0x0000000084100000|  0%| F|  |TAMS 0x0000000084000000, 0x0000000084000000| Untracked 
|  33|0x0000000084100000, 0x0000000084100000, 0x0000000084200000|  0%| F|  |TAMS 0x0000000084100000, 0x0000000084100000| Untracked 
|  34|0x0000000084200000, 0x0000000084200000, 0x0000000084300000|  0%| F|  |TAMS 0x0000000084200000, 0x0000000084200000| Untracked 
|  35|0x0000000084300000, 0x0000000084300000, 0x0000000084400000|  0%| F|  |TAMS 0x0000000084300000, 0x0000000084300000| Untracked 
|  36|0x0000000084400000, 0x0000000084400000, 0x0000000084500000|  0%| F|  |TAMS 0x0000000084400000, 0x0000000084400000| Untracked 
|  37|0x0000000084500000, 0x0000000084500000, 0x0000000084600000|  0%| F|  |TAMS 0x0000000084500000, 0x0000000084500000| Untracked 
|  38|0x0000000084600000, 0x0000000084600000, 0x0000000084700000|  0%| F|  |TAMS 0x0000000084600000, 0x0000000084600000| Untracked 
|  39|0x0000000084700000, 0x0000000084700000, 0x0000000084800000|  0%| F|  |TAMS 0x0000000084700000, 0x0000000084700000| Untracked 
|  40|0x0000000084800000, 0x0000000084800000, 0x0000000084900000|  0%| F|  |TAMS 0x0000000084800000, 0x0000000084800000| Untracked 
|  41|0x0000000084900000, 0x0000000084900000, 0x0000000084a00000|  0%| F|  |TAMS 0x0000000084900000, 0x0000000084900000| Untracked 
|  42|0x0000000084a00000, 0x0000000084a00000, 0x0000000084b00000|  0%| F|  |TAMS 0x0000000084a00000, 0x0000000084a00000| Untracked 
|  43|0x0000000084b00000, 0x0000000084b00000, 0x0000000084c00000|  0%| F|  |TAMS 0x0000000084b00000, 0x0000000084b00000| Untracked 
|  44|0x0000000084c00000, 0x0000000084c00000, 0x0000000084d00000|  0%| F|  |TAMS 0x0000000084c00000, 0x0000000084c00000| Untracked 
|  45|0x0000000084d00000, 0x0000000084d00000, 0x0000000084e00000|  0%| F|  |TAMS 0x0000000084d00000, 0x0000000084d00000| Untracked 
|  46|0x0000000084e00000, 0x0000000084e00000, 0x0000000084f00000|  0%| F|  |TAMS 0x0000000084e00000, 0x0000000084e00000| Untracked 
|  47|0x0000000084f00000, 0x0000000084f00000, 0x0000000085000000|  0%| F|  |TAMS 0x0000000084f00000, 0x0000000084f00000| Untracked 
|  48|0x0000000085000000, 0x0000000085000000, 0x0000000085100000|  0%| F|  |TAMS 0x0000000085000000, 0x0000000085000000| Untracked 
|  49|0x0000000085100000, 0x0000000085100000, 0x0000000085200000|  0%| F|  |TAMS 0x0000000085100000, 0x0000000085100000| Untracked 
|  50|0x0000000085200000, 0x0000000085200000, 0x0000000085300000|  0%| F|  |TAMS 0x0000000085200000, 0x0000000085200000| Untracked 
|  51|0x0000000085300000, 0x0000000085300000, 0x0000000085400000|  0%| F|  |TAMS 0x0000000085300000, 0x0000000085300000| Untracked 
|  52|0x0000000085400000, 0x0000000085400000, 0x0000000085500000|  0%| F|  |TAMS 0x0000000085400000, 0x0000000085400000| Untracked 
|  53|0x0000000085500000, 0x0000000085500000, 0x0000000085600000|  0%| F|  |TAMS 0x0000000085500000, 0x0000000085500000| Untracked 
|  54|0x0000000085600000, 0x0000000085600000, 0x0000000085700000|  0%| F|  |TAMS 0x0000000085600000, 0x0000000085600000| Untracked 
|  55|0x0000000085700000, 0x0000000085700000, 0x0000000085800000|  0%| F|  |TAMS 0x0000000085700000, 0x0000000085700000| Untracked 
|  56|0x0000000085800000, 0x0000000085800000, 0x0000000085900000|  0%| F|  |TAMS 0x0000000085800000, 0x0000000085800000| Untracked 
|  57|0x0000000085900000, 0x0000000085900000, 0x0000000085a00000|  0%| F|  |TAMS 0x0000000085900000, 0x0000000085900000| Untracked 
|  58|0x0000000085a00000, 0x0000000085a00000, 0x0000000085b00000|  0%| F|  |TAMS 0x0000000085a00000, 0x0000000085a00000| Untracked 
|  59|0x0000000085b00000, 0x0000000085b00000, 0x0000000085c00000|  0%| F|  |TAMS 0x0000000085b00000, 0x0000000085b00000| Untracked 
|  60|0x0000000085c00000, 0x0000000085c00000, 0x0000000085d00000|  0%| F|  |TAMS 0x0000000085c00000, 0x0000000085c00000| Untracked 
|  61|0x0000000085d00000, 0x0000000085d00000, 0x0000000085e00000|  0%| F|  |TAMS 0x0000000085d00000, 0x0000000085d00000| Untracked 
|  62|0x0000000085e00000, 0x0000000085e00000, 0x0000000085f00000|  0%| F|  |TAMS 0x0000000085e00000, 0x0000000085e00000| Untracked 
|  63|0x0000000085f00000, 0x0000000085f00000, 0x0000000086000000|  0%| F|  |TAMS 0x0000000085f00000, 0x0000000085f00000| Untracked 
|  64|0x0000000086000000, 0x0000000086000000, 0x0000000086100000|  0%| F|  |TAMS 0x0000000086000000, 0x0000000086000000| Untracked 
|  65|0x0000000086100000, 0x0000000086100000, 0x0000000086200000|  0%| F|  |TAMS 0x0000000086100000, 0x0000000086100000| Untracked 
|  66|0x0000000086200000, 0x0000000086200000, 0x0000000086300000|  0%| F|  |TAMS 0x0000000086200000, 0x0000000086200000| Untracked 
|  67|0x0000000086300000, 0x0000000086300000, 0x0000000086400000|  0%| F|  |TAMS 0x0000000086300000, 0x0000000086300000| Untracked 
|  68|0x0000000086400000, 0x0000000086400000, 0x0000000086500000|  0%| F|  |TAMS 0x0000000086400000, 0x0000000086400000| Untracked 
|  69|0x0000000086500000, 0x0000000086500000, 0x0000000086600000|  0%| F|  |TAMS 0x0000000086500000, 0x0000000086500000| Untracked 
|  70|0x0000000086600000, 0x0000000086600000, 0x0000000086700000|  0%| F|  |TAMS 0x0000000086600000, 0x0000000086600000| Untracked 
|  71|0x0000000086700000, 0x0000000086700000, 0x0000000086800000|  0%| F|  |TAMS 0x0000000086700000, 0x0000000086700000| Untracked 
|  72|0x0000000086800000, 0x0000000086800000, 0x0000000086900000|  0%| F|  |TAMS 0x0000000086800000, 0x0000000086800000| Untracked 
|  73|0x0000000086900000, 0x0000000086900000, 0x0000000086a00000|  0%| F|  |TAMS 0x0000000086900000, 0x0000000086900000| Untracked 
|  74|0x0000000086a00000, 0x0000000086a00000, 0x0000000086b00000|  0%| F|  |TAMS 0x0000000086a00000, 0x0000000086a00000| Untracked 
|  75|0x0000000086b00000, 0x0000000086b00000, 0x0000000086c00000|  0%| F|  |TAMS 0x0000000086b00000, 0x0000000086b00000| Untracked 
|  76|0x0000000086c00000, 0x0000000086c00000, 0x0000000086d00000|  0%| F|  |TAMS 0x0000000086c00000, 0x0000000086c00000| Untracked 
|  77|0x0000000086d00000, 0x0000000086d00000, 0x0000000086e00000|  0%| F|  |TAMS 0x0000000086d00000, 0x0000000086d00000| Untracked 
|  78|0x0000000086e00000, 0x0000000086e00000, 0x0000000086f00000|  0%| F|  |TAMS 0x0000000086e00000, 0x0000000086e00000| Untracked 
|  79|0x0000000086f00000, 0x0000000086f00000, 0x0000000087000000|  0%| F|  |TAMS 0x0000000086f00000, 0x0000000086f00000| Untracked 
|  80|0x0000000087000000, 0x0000000087000000, 0x0000000087100000|  0%| F|  |TAMS 0x0000000087000000, 0x0000000087000000| Untracked 
|  81|0x0000000087100000, 0x0000000087100000, 0x0000000087200000|  0%| F|  |TAMS 0x0000000087100000, 0x0000000087100000| Untracked 
|  82|0x0000000087200000, 0x0000000087200000, 0x0000000087300000|  0%| F|  |TAMS 0x0000000087200000, 0x0000000087200000| Untracked 
|  83|0x0000000087300000, 0x0000000087300000, 0x0000000087400000|  0%| F|  |TAMS 0x0000000087300000, 0x0000000087300000| Untracked 
|  84|0x0000000087400000, 0x0000000087400000, 0x0000000087500000|  0%| F|  |TAMS 0x0000000087400000, 0x0000000087400000| Untracked 
|  85|0x0000000087500000, 0x0000000087500000, 0x0000000087600000|  0%| F|  |TAMS 0x0000000087500000, 0x0000000087500000| Untracked 
|  86|0x0000000087600000, 0x0000000087600000, 0x0000000087700000|  0%| F|  |TAMS 0x0000000087600000, 0x0000000087600000| Untracked 
|  87|0x0000000087700000, 0x0000000087700000, 0x0000000087800000|  0%| F|  |TAMS 0x0000000087700000, 0x0000000087700000| Untracked 
|  88|0x0000000087800000, 0x0000000087800000, 0x0000000087900000|  0%| F|  |TAMS 0x0000000087800000, 0x0000000087800000| Untracked 
|  89|0x0000000087900000, 0x0000000087900000, 0x0000000087a00000|  0%| F|  |TAMS 0x0000000087900000, 0x0000000087900000| Untracked 
|  90|0x0000000087a00000, 0x0000000087a00000, 0x0000000087b00000|  0%| F|  |TAMS 0x0000000087a00000, 0x0000000087a00000| Untracked 
|  91|0x0000000087b00000, 0x0000000087b00000, 0x0000000087c00000|  0%| F|  |TAMS 0x0000000087b00000, 0x0000000087b00000| Untracked 
|  92|0x0000000087c00000, 0x0000000087c00000, 0x0000000087d00000|  0%| F|  |TAMS 0x0000000087c00000, 0x0000000087c00000| Untracked 
|  93|0x0000000087d00000, 0x0000000087d00000, 0x0000000087e00000|  0%| F|  |TAMS 0x0000000087d00000, 0x0000000087d00000| Untracked 
|  94|0x0000000087e00000, 0x0000000087e00000, 0x0000000087f00000|  0%| F|  |TAMS 0x0000000087e00000, 0x0000000087e00000| Untracked 
|  95|0x0000000087f00000, 0x0000000087f00000, 0x0000000088000000|  0%| F|  |TAMS 0x0000000087f00000, 0x0000000087f00000| Untracked 
|  96|0x0000000088000000, 0x0000000088000000, 0x0000000088100000|  0%| F|  |TAMS 0x0000000088000000, 0x0000000088000000| Untracked 
|  97|0x0000000088100000, 0x0000000088100000, 0x0000000088200000|  0%| F|  |TAMS 0x0000000088100000, 0x0000000088100000| Untracked 
|  98|0x0000000088200000, 0x0000000088200000, 0x0000000088300000|  0%| F|  |TAMS 0x0000000088200000, 0x0000000088200000| Untracked 
|  99|0x0000000088300000, 0x0000000088300000, 0x0000000088400000|  0%| F|  |TAMS 0x0000000088300000, 0x0000000088300000| Untracked 
| 100|0x0000000088400000, 0x0000000088400000, 0x0000000088500000|  0%| F|  |TAMS 0x0000000088400000, 0x0000000088400000| Untracked 
| 101|0x0000000088500000, 0x0000000088500000, 0x0000000088600000|  0%| F|  |TAMS 0x0000000088500000, 0x0000000088500000| Untracked 
| 102|0x0000000088600000, 0x0000000088600000, 0x0000000088700000|  0%| F|  |TAMS 0x0000000088600000, 0x0000000088600000| Untracked 
| 103|0x0000000088700000, 0x0000000088700000, 0x0000000088800000|  0%| F|  |TAMS 0x0000000088700000, 0x0000000088700000| Untracked 
| 104|0x0000000088800000, 0x0000000088800000, 0x0000000088900000|  0%| F|  |TAMS 0x0000000088800000, 0x0000000088800000| Untracked 
| 105|0x0000000088900000, 0x0000000088900000, 0x0000000088a00000|  0%| F|  |TAMS 0x0000000088900000, 0x0000000088900000| Untracked 
| 106|0x0000000088a00000, 0x0000000088a00000, 0x0000000088b00000|  0%| F|  |TAMS 0x0000000088a00000, 0x0000000088a00000| Untracked 
| 107|0x0000000088b00000, 0x0000000088b00000, 0x0000000088c00000|  0%| F|  |TAMS 0x0000000088b00000, 0x0000000088b00000| Untracked 
| 108|0x0000000088c00000, 0x0000000088d00000, 0x0000000088d00000|100%| E|  |TAMS 0x0000000088c00000, 0x0000000088c00000| Complete 
| 109|0x0000000088d00000, 0x0000000088e00000, 0x0000000088e00000|100%| E|CS|TAMS 0x0000000088d00000, 0x0000000088d00000| Complete 
| 110|0x0000000088e00000, 0x0000000088f00000, 0x0000000088f00000|100%| S|CS|TAMS 0x0000000088e00000, 0x0000000088e00000| Complete 
| 111|0x0000000088f00000, 0x0000000089000000, 0x0000000089000000|100%| S|CS|TAMS 0x0000000088f00000, 0x0000000088f00000| Complete 
| 112|0x0000000089000000, 0x0000000089100000, 0x0000000089100000|100%| E|CS|TAMS 0x0000000089000000, 0x0000000089000000| Complete 
| 113|0x0000000089100000, 0x0000000089200000, 0x0000000089200000|100%| E|CS|TAMS 0x0000000089100000, 0x0000000089100000| Complete 
| 114|0x0000000089200000, 0x0000000089300000, 0x0000000089300000|100%| E|CS|TAMS 0x0000000089200000, 0x0000000089200000| Complete 
| 115|0x0000000089300000, 0x0000000089400000, 0x0000000089400000|100%| E|CS|TAMS 0x0000000089300000, 0x0000000089300000| Complete 
| 116|0x0000000089400000, 0x0000000089500000, 0x0000000089500000|100%| E|CS|TAMS 0x0000000089400000, 0x0000000089400000| Complete 
| 117|0x0000000089500000, 0x0000000089600000, 0x0000000089600000|100%| E|CS|TAMS 0x0000000089500000, 0x0000000089500000| Complete 
| 118|0x0000000089600000, 0x0000000089700000, 0x0000000089700000|100%| E|CS|TAMS 0x0000000089600000, 0x0000000089600000| Complete 
| 119|0x0000000089700000, 0x0000000089800000, 0x0000000089800000|100%| E|CS|TAMS 0x0000000089700000, 0x0000000089700000| Complete 
| 120|0x0000000089800000, 0x0000000089900000, 0x0000000089900000|100%| E|CS|TAMS 0x0000000089800000, 0x0000000089800000| Complete 
| 121|0x0000000089900000, 0x0000000089a00000, 0x0000000089a00000|100%| E|CS|TAMS 0x0000000089900000, 0x0000000089900000| Complete 
| 122|0x0000000089a00000, 0x0000000089b00000, 0x0000000089b00000|100%| E|CS|TAMS 0x0000000089a00000, 0x0000000089a00000| Complete 
| 123|0x0000000089b00000, 0x0000000089c00000, 0x0000000089c00000|100%| E|CS|TAMS 0x0000000089b00000, 0x0000000089b00000| Complete 
| 124|0x0000000089c00000, 0x0000000089d00000, 0x0000000089d00000|100%| E|CS|TAMS 0x0000000089c00000, 0x0000000089c00000| Complete 
| 125|0x0000000089d00000, 0x0000000089e00000, 0x0000000089e00000|100%| E|CS|TAMS 0x0000000089d00000, 0x0000000089d00000| Complete 

Card table byte_map: [0x000000001a3b0000,0x000000001a7a0000] _byte_map_base: 0x0000000019fa0000

Marking Bits (Prev, Next): (CMBitMap*) 0x00000000004936e8, (CMBitMap*) 0x0000000000493728
 Prev Bits: [0x000000001ab90000, 0x000000001cb10000)
 Next Bits: [0x000000001cb10000, 0x000000001ea90000)

Polling page: 0x0000000000330000

Metaspace:

Usage:
  Non-class:      6.57 MB capacity,     4.89 MB ( 74%) used,     1.64 MB ( 25%) free+waste,    48.81 KB ( <1%) overhead. 
      Class:      1.02 MB capacity,   711.73 KB ( 68%) used,   306.83 KB ( 29%) free+waste,    25.44 KB (  2%) overhead. 
       Both:      7.59 MB capacity,     5.58 MB ( 74%) used,     1.94 MB ( 25%) free+waste,    74.25 KB ( <1%) overhead. 

Virtual space:
  Non-class space:        8.00 MB reserved,       6.75 MB ( 84%) committed 
      Class space:        1.00 GB reserved,       1.13 MB ( <1%) committed 
             Both:        1.01 GB reserved,       7.88 MB ( <1%) committed 

Chunk freelists:
   Non-Class:  6.75 KB
       Class:  0 bytes
        Both:  6.75 KB

CodeHeap 'non-profiled nmethods': size=120064Kb used=465Kb max_used=465Kb free=119598Kb
 bounds [0x0000000012550000, 0x00000000127c0000, 0x0000000019a90000]
CodeHeap 'profiled nmethods': size=120000Kb used=2807Kb max_used=2807Kb free=117192Kb
 bounds [0x000000000b020000, 0x000000000b2e0000, 0x0000000012550000]
CodeHeap 'non-nmethods': size=5696Kb used=1204Kb max_used=1220Kb free=4491Kb
 bounds [0x000000000aa90000, 0x000000000ad00000, 0x000000000b020000]
 total_blobs=2036 nmethods=1367 adapters=335
 compilation: enabled
              stopped_count=0, restarted_count=0
 full_count=0

Compilation events (10 events):
Event: 13.215 Thread 0x0000000022024800 nmethod 1356 0x000000000b2dc110 code [0x000000000b2dc300, 0x000000000b2dc8f8]
Event: 13.225 Thread 0x000000002201f800 nmethod 1349 0x00000000125c2d90 code [0x00000000125c2f40, 0x00000000125c3f98]
Event: 13.225 Thread 0x000000002201f800 1351       4       java.lang.String::hashCode (49 bytes)
Event: 13.228 Thread 0x000000002201f800 nmethod 1351 0x00000000125c4210 code [0x00000000125c43c0, 0x00000000125c4628]
Event: 22.576 Thread 0x0000000022024800 1366       3       java.util.Locale::hashCode (41 bytes)
Event: 22.577 Thread 0x0000000022024800 nmethod 1366 0x000000000b2dca10 code [0x000000000b2dcbe0, 0x000000000b2dce60]
Event: 22.577 Thread 0x0000000022024800 1367       3       java.lang.AbstractStringBuilder::append (77 bytes)
Event: 22.577 Thread 0x0000000022024800 nmethod 1367 0x000000000b2dcf90 code [0x000000000b2dd1c0, 0x000000000b2dd8d0]
Event: 270593.303 Thread 0x0000000022024800 1368       3       java.lang.StringBuilder::append (8 bytes)
Event: 270593.364 Thread 0x0000000022024800 nmethod 1368 0x000000000b2ddb10 code [0x000000000b2ddce0, 0x000000000b2ddeb0]

GC Heap History (2 events):
Event: 12.662 GC heap before
{Heap before GC invocations=0 (full 0):
 garbage-first heap   total 129024K, used 14336K [0x0000000082000000, 0x0000000100000000)
  region size 1024K, 14 young (14336K), 0 survivors (0K)
 Metaspace       used 2586K, capacity 5957K, committed 6144K, reserved 1056768K
  class space    used 304K, capacity 650K, committed 768K, reserved 1048576K
}
Event: 12.666 GC heap after
{Heap after GC invocations=1 (full 0):
 garbage-first heap   total 129024K, used 4886K [0x0000000082000000, 0x0000000100000000)
  region size 1024K, 2 young (2048K), 2 survivors (2048K)
 Metaspace       used 2586K, capacity 5957K, committed 6144K, reserved 1056768K
  class space    used 304K, capacity 650K, committed 768K, reserved 1048576K
}

Deoptimization events (10 events):
Event: 11.360 Thread 0x0000000000455000 Uncommon trap: reason=bimorphic_or_optimized_type_check action=maybe_recompile pc=0x000000001255e844 method=java.util.AbstractCollection.isEmpty()Z @ 1 c2
Event: 11.361 Thread 0x0000000000455000 Uncommon trap: reason=bimorphic_or_optimized_type_check action=maybe_recompile pc=0x000000001255e844 method=java.util.AbstractCollection.isEmpty()Z @ 1 c2
Event: 11.361 Thread 0x0000000000455000 Uncommon trap: reason=bimorphic_or_optimized_type_check action=maybe_recompile pc=0x000000001255e844 method=java.util.AbstractCollection.isEmpty()Z @ 1 c2
Event: 11.384 Thread 0x0000000000455000 Uncommon trap: reason=unstable_if action=reinterpret pc=0x0000000012567494 method=java.io.WinNTFileSystem.isSlash(C)Z @ 9 c2
Event: 12.676 Thread 0x0000000000455000 Uncommon trap: reason=unstable_if action=reinterpret pc=0x000000001258b78c method=java.util.HashMap.getNode(ILjava/lang/Object;)Ljava/util/HashMap$Node; @ 129 c2
Event: 12.891 Thread 0x0000000000455000 Uncommon trap: reason=unstable_if action=reinterpret pc=0x0000000012564064 method=java.lang.CharacterData.of(I)Ljava/lang/CharacterData; @ 4 c2
Event: 12.893 Thread 0x0000000000455000 Uncommon trap: reason=unstable_if action=reinterpret pc=0x00000000125587dc method=java.lang.String.isLatin1()Z @ 10 c2
Event: 13.012 Thread 0x0000000000455000 Uncommon trap: reason=unstable_if action=reinterpret pc=0x0000000012566e78 method=java.lang.StringLatin1.canEncode(I)Z @ 4 c2
Event: 13.012 Thread 0x0000000000455000 Uncommon trap: reason=unstable_if action=reinterpret pc=0x0000000012568620 method=java.lang.AbstractStringBuilder.isLatin1()Z @ 10 c2
Event: 13.014 Thread 0x0000000000455000 Uncommon trap: reason=unstable_if action=reinterpret pc=0x0000000012560a60 method=java.lang.StringLatin1.canEncode(I)Z @ 4 c2

Classes redefined (8 events):
Event: 769.895 Thread 0x0000000022000800 redefined class name=b2b.Requests, count=1
Event: 2785.218 Thread 0x0000000022000800 redefined class name=b2b.Requests, count=2
Event: 269319.058 Thread 0x0000000022000800 redefined class name=b2b.Requests, count=3
Event: 270078.102 Thread 0x0000000022000800 redefined class name=b2b.Requests, count=4
Event: 270549.157 Thread 0x0000000022000800 redefined class name=b2b.BaseClass, count=1
Event: 271266.311 Thread 0x0000000022000800 redefined class name=b2b.Requests, count=5
Event: 271645.803 Thread 0x0000000022000800 redefined class name=b2b.Requests, count=6
Event: 271645.810 Thread 0x0000000022000800 redefined class name=b2b.BaseClass, count=2

Internal exceptions (10 events):
Event: 12.862 Thread 0x0000000000455000 Exception <a 'java/lang/NoSuchMethodError'{0x0000000089363d08}: java.lang.invoke.Invokers$Holder.linkToTargetMethod(Ljava/lang/Object;Ljava/lang/Object;Ljava/lang/Object;Ljava/lang/Object;Ljava/lang/Object;Ljava/lang/Object;Ljava/lang/Object;)Ljava/lang/O
Event: 12.863 Thread 0x0000000000455000 Exception <a 'java/lang/NoSuchMethodError'{0x000000008936dae8}: java.lang.invoke.DirectMethodHandle$Holder.invokeInterface(Ljava/lang/Object;Ljava/lang/Object;Ljava/lang/Object;Ljava/lang/Object;Ljava/lang/Object;)Ljava/lang/Object;> (0x000000008936dae8) 
Event: 12.864 Thread 0x0000000000455000 Exception <a 'java/lang/IncompatibleClassChangeError'{0x0000000089370de8}: Found class java.lang.Object, but interface was expected> (0x0000000089370de8) thrown at [t:/workspace/open/src/hotspot/share/interpreter/linkResolver.cpp, line 843]
Event: 12.870 Thread 0x0000000000455000 Exception <a 'java/lang/NoSuchMethodError'{0x00000000893cd0e0}: java.lang.invoke.DirectMethodHandle$Holder.invokeStaticInit(Ljava/lang/Object;Ljava/lang/Object;Ljava/lang/Object;Ljava/lang/Object;)I> (0x00000000893cd0e0) thrown at [t:/workspace/open/src/h
Event: 12.871 Thread 0x0000000000455000 Exception <a 'java/lang/IncompatibleClassChangeError'{0x00000000893d5680}: Found class java.lang.Object, but interface was expected> (0x00000000893d5680) thrown at [t:/workspace/open/src/hotspot/share/interpreter/linkResolver.cpp, line 843]
Event: 12.871 Thread 0x0000000000455000 Exception <a 'java/lang/NoSuchMethodError'{0x00000000893d87a0}: java.lang.invoke.DirectMethodHandle$Holder.invokeStaticInit(Ljava/lang/Object;Ljava/lang/Object;)V> (0x00000000893d87a0) thrown at [t:/workspace/open/src/hotspot/share/interpreter/linkResolve
Event: 12.871 Thread 0x0000000000455000 Exception <a 'java/lang/NoSuchMethodError'{0x00000000893dd7c8}: java.lang.invoke.DirectMethodHandle$Holder.invokeStaticInit(Ljava/lang/Object;Ljava/lang/Object;)I> (0x00000000893dd7c8) thrown at [t:/workspace/open/src/hotspot/share/interpreter/linkResolve
Event: 12.885 Thread 0x0000000000455000 Exception <a 'java/lang/IncompatibleClassChangeError'{0x00000000892a71d0}: Found class java.lang.Object, but interface was expected> (0x00000000892a71d0) thrown at [t:/workspace/open/src/hotspot/share/interpreter/linkResolver.cpp, line 843]
Event: 13.027 Thread 0x0000000000455000 Exception <a 'java/lang/NoSuchMethodError'{0x00000000890f41c8}: java.lang.invoke.DirectMethodHandle$Holder.invokeStaticInit(Ljava/lang/Object;IIII)Ljava/lang/Object;> (0x00000000890f41c8) thrown at [t:/workspace/open/src/hotspot/share/interpreter/linkReso
Event: 13.210 Thread 0x0000000000455000 Exception <a 'java/lang/NoSuchMethodError'{0x0000000088df8c38}: java.lang.invoke.DirectMethodHandle$Holder.invokeStaticInit(Ljava/lang/Object;Ljava/lang/Object;IIII)Ljava/lang/Object;> (0x0000000088df8c38) thrown at [t:/workspace/open/src/hotspot/share/in

Events (10 events):
Event: 347355.311 Executing VM operation: GetStackTrace done
Event: 347355.319 Executing VM operation: GetFrameCount
Event: 347355.319 Executing VM operation: GetFrameCount done
Event: 347355.324 Executing VM operation: GetStackTrace
Event: 347355.324 Executing VM operation: GetStackTrace done
Event: 347355.325 Executing VM operation: GetFrameLocation
Event: 347355.325 Executing VM operation: GetFrameLocation done
Event: 347355.325 Executing VM operation: GetOrSetLocal
Event: 347355.325 Executing VM operation: GetOrSetLocal done
Event: 347355.326 Executing VM operation: GetOrSetLocal


Dynamic libraries:
0x000000013f440000 - 0x000000013f44f000 	C:\Program Files\Java\jdk-12.0.1\bin\java.exe
0x0000000076db0000 - 0x0000000076f4f000 	C:\Windows\SYSTEM32\ntdll.dll
0x0000000076c90000 - 0x0000000076daf000 	C:\Windows\system32\kernel32.dll
0x000007fefcca0000 - 0x000007fefcd0a000 	C:\Windows\system32\KERNELBASE.dll
0x000007fedf770000 - 0x000007fedf788000 	C:\Program Files\Java\jdk-12.0.1\bin\jli.dll
0x000007fefdf50000 - 0x000007fefe02b000 	C:\Windows\system32\ADVAPI32.dll
0x000007fefd4e0000 - 0x000007fefd57f000 	C:\Windows\system32\msvcrt.dll
0x000007fefdc00000 - 0x000007fefdc1f000 	C:\Windows\SYSTEM32\sechost.dll
0x000007fefde20000 - 0x000007fefdf4c000 	C:\Windows\system32\RPCRT4.dll
0x000007fefb000000 - 0x000007fefb1f5000 	C:\Windows\WinSxS\amd64_microsoft.windows.common-controls_6595b64144ccf1df_6.0.7601.24440_none_e36f1bbf30ff0606\COMCTL32.dll
0x000007fefd330000 - 0x000007fefd397000 	C:\Windows\system32\GDI32.dll
0x0000000076b90000 - 0x0000000076c8a000 	C:\Windows\system32\USER32.dll
0x000007fefefe0000 - 0x000007fefefee000 	C:\Windows\system32\LPK.dll
0x000007fefe030000 - 0x000007fefe0fb000 	C:\Windows\system32\USP10.dll
0x000007fefee90000 - 0x000007fefef01000 	C:\Windows\system32\SHLWAPI.dll
0x000007fefbbd0000 - 0x000007fefbbdc000 	C:\Windows\system32\VERSION.dll
0x000007fef84b0000 - 0x000007fef84c6000 	C:\Program Files\Java\jdk-12.0.1\bin\VCRUNTIME140.dll
0x000007fedf760000 - 0x000007fedf764000 	C:\Program Files\Java\jdk-12.0.1\bin\api-ms-win-crt-runtime-l1-1-0.dll
0x000007fedf660000 - 0x000007fedf756000 	C:\Program Files\Java\jdk-12.0.1\bin\ucrtbase.DLL
0x000007fedfa50000 - 0x000007fedfa53000 	C:\Program Files\Java\jdk-12.0.1\bin\api-ms-win-core-localization-l1-2-0.dll
0x000007fedf640000 - 0x000007fedf643000 	C:\Program Files\Java\jdk-12.0.1\bin\api-ms-win-core-processthreads-l1-1-1.dll
0x000007fedf650000 - 0x000007fedf653000 	C:\Program Files\Java\jdk-12.0.1\bin\api-ms-win-core-file-l1-2-0.dll
0x000007fedf620000 - 0x000007fedf623000 	C:\Program Files\Java\jdk-12.0.1\bin\api-ms-win-core-timezone-l1-1-0.dll
0x000007fedf630000 - 0x000007fedf633000 	C:\Program Files\Java\jdk-12.0.1\bin\api-ms-win-core-file-l2-1-0.dll
0x000007fedf600000 - 0x000007fedf603000 	C:\Program Files\Java\jdk-12.0.1\bin\api-ms-win-core-synch-l1-2-0.dll
0x000007fedf610000 - 0x000007fedf614000 	C:\Program Files\Java\jdk-12.0.1\bin\api-ms-win-crt-string-l1-1-0.dll
0x000007fedf5e0000 - 0x000007fedf5e3000 	C:\Program Files\Java\jdk-12.0.1\bin\api-ms-win-crt-heap-l1-1-0.dll
0x000007fedf5f0000 - 0x000007fedf5f4000 	C:\Program Files\Java\jdk-12.0.1\bin\api-ms-win-crt-stdio-l1-1-0.dll
0x000007fedf5c0000 - 0x000007fedf5c4000 	C:\Program Files\Java\jdk-12.0.1\bin\api-ms-win-crt-convert-l1-1-0.dll
0x000007fedf5d0000 - 0x000007fedf5d3000 	C:\Program Files\Java\jdk-12.0.1\bin\api-ms-win-crt-environment-l1-1-0.dll
0x000007fedf5a0000 - 0x000007fedf5a3000 	C:\Program Files\Java\jdk-12.0.1\bin\api-ms-win-crt-filesystem-l1-1-0.dll
0x000007fedf5b0000 - 0x000007fedf5b5000 	C:\Program Files\Java\jdk-12.0.1\bin\api-ms-win-crt-math-l1-1-0.dll
0x000007fedf580000 - 0x000007fedf583000 	C:\Program Files\Java\jdk-12.0.1\bin\api-ms-win-crt-locale-l1-1-0.dll
0x000007fefd220000 - 0x000007fefd24e000 	C:\Windows\system32\IMM32.DLL
0x000007fefdaf0000 - 0x000007fefdbf9000 	C:\Windows\system32\MSCTF.dll
0x000007fedf4d0000 - 0x000007fedf57a000 	C:\Program Files\Java\jdk-12.0.1\bin\msvcp140.dll
0x000007fedf590000 - 0x000007fedf595000 	C:\Program Files\Java\jdk-12.0.1\bin\api-ms-win-crt-multibyte-l1-1-0.dll
0x000007fedf4b0000 - 0x000007fedf4b3000 	C:\Program Files\Java\jdk-12.0.1\bin\api-ms-win-crt-time-l1-1-0.dll
0x000007fedf4c0000 - 0x000007fedf4c3000 	C:\Program Files\Java\jdk-12.0.1\bin\api-ms-win-crt-utility-l1-1-0.dll
0x000007fec80a0000 - 0x000007fec8c14000 	C:\Program Files\Java\jdk-12.0.1\bin\server\jvm.dll
0x000007fef7fc0000 - 0x000007fef7fc9000 	C:\Windows\system32\WSOCK32.dll
0x000007fefef10000 - 0x000007fefef5d000 	C:\Windows\system32\WS2_32.dll
0x000007fefd580000 - 0x000007fefd588000 	C:\Windows\system32\NSI.dll
0x000007fefa640000 - 0x000007fefa67b000 	C:\Windows\system32\WINMM.dll
0x0000000076f50000 - 0x0000000076f57000 	C:\Windows\system32\PSAPI.DLL
0x000007fedf490000 - 0x000007fedf4a1000 	C:\Program Files\Java\jdk-12.0.1\bin\verify.dll
0x000007fed4c70000 - 0x000007fed4d95000 	C:\Windows\system32\DBGHELP.DLL
0x000007fedf460000 - 0x000007fedf486000 	C:\Program Files\Java\jdk-12.0.1\bin\java.dll
0x000007fef2a60000 - 0x000007fef2a98000 	C:\Program Files\Java\jdk-12.0.1\bin\jdwp.dll
0x000007fef7080000 - 0x000007fef708e000 	C:\Program Files\Java\jdk-12.0.1\bin\instrument.dll
0x000007fedf440000 - 0x000007fedf457000 	C:\Program Files\Java\jdk-12.0.1\bin\zip.dll
0x000007fedf430000 - 0x000007fedf43a000 	C:\Program Files\Java\jdk-12.0.1\bin\jimage.dll
0x000007fefe100000 - 0x000007fefee8b000 	C:\Windows\system32\SHELL32.dll
0x000007fefdc20000 - 0x000007fefde1f000 	C:\Windows\system32\ole32.dll
0x000007fefcaf0000 - 0x000007fefcaff000 	C:\Windows\system32\profapi.dll
0x000007fef7070000 - 0x000007fef707a000 	C:\Program Files\Java\jdk-12.0.1\bin\dt_socket.dll
0x000007fefc280000 - 0x000007fefc2d5000 	C:\Windows\system32\mswsock.dll
0x000007fefbca0000 - 0x000007fefbca7000 	C:\Windows\System32\wshtcpip.dll
0x000007fedf410000 - 0x000007fedf429000 	C:\Program Files\Java\jdk-12.0.1\bin\net.dll
0x000007fef8bb0000 - 0x000007fef8c21000 	C:\Windows\system32\WINHTTP.dll
0x000007fef8b40000 - 0x000007fef8ba4000 	C:\Windows\system32\webio.dll
0x000007fefd090000 - 0x000007fefd215000 	C:\Windows\system32\urlmon.dll
0x000007fefcb20000 - 0x000007fefcb24000 	C:\Windows\system32\api-ms-win-downlevel-ole32-l1-1-0.dll
0x000007fefcb10000 - 0x000007fefcb14000 	C:\Windows\system32\api-ms-win-downlevel-shlwapi-l1-1-0.dll
0x000007fefcd10000 - 0x000007fefcd15000 	C:\Windows\system32\api-ms-win-downlevel-advapi32-l1-1-0.dll
0x000007fefce90000 - 0x000007fefce94000 	C:\Windows\system32\api-ms-win-downlevel-user32-l1-1-0.dll
0x000007fefcc30000 - 0x000007fefcc34000 	C:\Windows\system32\api-ms-win-downlevel-version-l1-1-0.dll
0x000007fefcea0000 - 0x000007fefcea3000 	C:\Windows\system32\api-ms-win-downlevel-normaliz-l1-1-0.dll
0x0000000076f60000 - 0x0000000076f63000 	C:\Windows\system32\normaliz.DLL
0x000007fefd590000 - 0x000007fefd858000 	C:\Windows\system32\iertutil.dll
0x000007fefd860000 - 0x000007fefdae3000 	C:\Windows\system32\WININET.dll
0x000007fefcbd0000 - 0x000007fefcbee000 	C:\Windows\system32\USERENV.dll
0x000007fefc270000 - 0x000007fefc277000 	C:\Windows\System32\wship6.dll
0x000007fedf3f0000 - 0x000007fedf403000 	C:\Program Files\Java\jdk-12.0.1\bin\nio.dll
0x000007fefc2e0000 - 0x000007fefc2f8000 	C:\Windows\system32\CRYPTSP.dll
0x000007fefbfe0000 - 0x000007fefc027000 	C:\Windows\system32\rsaenh.dll
0x000007fefc990000 - 0x000007fefc99f000 	C:\Windows\system32\CRYPTBASE.dll
0x000007fefac60000 - 0x000007fefac87000 	C:\Windows\system32\IPHLPAPI.DLL
0x000007fefac50000 - 0x000007fefac5b000 	C:\Windows\system32\WINNSI.DLL
0x000007fefa600000 - 0x000007fefa611000 	C:\Windows\system32\dhcpcsvc6.DLL
0x000007fefa680000 - 0x000007fefa698000 	C:\Windows\system32\dhcpcsvc.DLL

dbghelp: loaded successfully - version: 4.0.5 - missing functions: none
symbol engine: initialized successfully - sym options: 0x614 - pdb path: .;C:\Program Files\Java\jdk-12.0.1\bin;C:\Windows\SYSTEM32;C:\Windows\WinSxS\amd64_microsoft.windows.common-controls_6595b64144ccf1df_6.0.7601.24440_none_e36f1bbf30ff0606;C:\Program Files\Java\jdk-12.0.1\bin\server

VM Arguments:
jvm_args: -agentlib:jdwp=transport=dt_socket,address=127.0.0.1:60895,suspend=y,server=n -ea -Didea.test.cyclic.buffer.size=1048576 -javaagent:C:\Users\Dobrynin\.IdeaIC2019.2\system\captureAgent\debugger-agent.jar -Dfile.encoding=UTF-8 
java_command: com.intellij.rt.execution.junit.JUnitStarter -ideVersion5 -junit5 @w@C:\Users\Dobrynin\AppData\Local\Temp\idea_working_dirs_junit.tmp @C:\Users\Dobrynin\AppData\Local\Temp\idea_junit.tmp
java_class_path (initial): C:\Program Files\JetBrains\IntelliJ IDEA Community Edition 2019.2.4\lib\idea_rt.jar;C:\Program Files\JetBrains\IntelliJ IDEA Community Edition 2019.2.4\plugins\junit\lib\junit-rt.jar;C:\Program Files\JetBrains\IntelliJ IDEA Community Edition 2019.2.4\plugins\junit\lib\junit5-rt.jar;C:\Users\Dobrynin\.m2\repository\org\junit\platform\junit-platform-launcher\1.7.0-RC1\junit-platform-launcher-1.7.0-RC1.jar;C:\Users\Dobrynin\.m2\repository\org\apiguardian\apiguardian-api\1.1.0\apiguardian-api-1.1.0.jar;C:\Users\Dobrynin\.m2\repository\org\junit\platform\junit-platform-engine\1.7.0-RC1\junit-platform-engine-1.7.0-RC1.jar;C:\Users\Dobrynin\.m2\repository\org\opentest4j\opentest4j\1.2.0\opentest4j-1.2.0.jar;C:\Users\Dobrynin\.m2\repository\org\junit\platform\junit-platform-commons\1.7.0-RC1\junit-platform-commons-1.7.0-RC1.jar;C:\Users\Dobrynin\.m2\repository\org\junit\vintage\junit-vintage-engine\5.7.0-RC1\junit-vintage-engine-5.7.0-RC1.jar;C:\Users\Dobrynin\.m2\repository\junit\junit\4.13\junit-4.13.jar;C:\Users\Dobrynin\.m2\repository\org\hamcrest\hamcrest-core\1.3\hamcrest-core-1.3.jar;C:\MavenProjects\b2b\target\test-classes;C:\MavenProjects\b2b\target\classes;C:\Users\Dobrynin\.m2\repository\org\opensaml\opensaml-soap-api\3.1.1\opensaml-soap-api-3.1.1.jar;C:\Users\Dobrynin\.m2\repository\org\opensaml\opensaml-xmlsec-api\3.1.1\opensaml-xmlsec-api-3.1.1.jar;C:\Users\Dobrynin\.m2\repository\org\opensaml\opensaml-security-api\3.1.1\opensaml-security-api-3.1.1.jar;C:\Users\Dobrynin\.m2\repository\org\cryptacular\cryptacular\1.0\cryptacular-1.0.jar;C:\Users\Dobrynin\.m2\repository\org\bouncycastle\bcprov-jdk15on\1.51\bcprov-jdk15on-1.51.jar;C:\Users\Dobrynin\.m2\repository\org\opensaml\opensaml-messaging-api\3.1.1\opensaml-messaging-api-3.1.1.jar;C:\Users\Dobrynin\.m2\repository\org\opensaml\opensaml-core\3.1.1\opensaml-core-3.1.1.jar;C:\Users\Dobrynin\.m2\repository\joda-time\joda-time\2.7\joda-time-2.7.jar;C:\Users\Dobrynin\.m2\repository\org
Launcher Type: SUN_STANDARD

[Global flags]
     intx CICompilerCount                          = 3                                         {product} {ergonomic}
     uint ConcGCThreads                            = 1                                         {product} {ergonomic}
     uint G1ConcRefinementThreads                  = 4                                         {product} {ergonomic}
   size_t G1HeapRegionSize                         = 1048576                                   {product} {ergonomic}
    uintx GCDrainStackTargetSize                   = 64                                        {product} {ergonomic}
   size_t InitialHeapSize                          = 132120576                                 {product} {ergonomic}
   size_t MarkStackSize                            = 4194304                                   {product} {ergonomic}
   size_t MaxHeapSize                              = 2113929216                                {product} {ergonomic}
   size_t MaxNewSize                               = 1267728384                                {product} {ergonomic}
   size_t MinHeapDeltaBytes                        = 1048576                                   {product} {ergonomic}
    uintx NonNMethodCodeHeapSize                   = 5830732                                {pd product} {ergonomic}
    uintx NonProfiledCodeHeapSize                  = 122913754                              {pd product} {ergonomic}
    uintx ProfiledCodeHeapSize                     = 122913754                              {pd product} {ergonomic}
    uintx ReservedCodeCacheSize                    = 251658240                              {pd product} {ergonomic}
     bool SegmentedCodeCache                       = true                                      {product} {ergonomic}
     bool UseCompressedClassPointers               = true                                 {lp64_product} {ergonomic}
     bool UseCompressedOops                        = true                                 {lp64_product} {ergonomic}
     bool UseG1GC                                  = true                                      {product} {ergonomic}
     bool UseLargePagesIndividualAllocation        = false                                  {pd product} {ergonomic}

Logging:
Log output configuration:
 #0: stdout all=warning uptime,level,tags
 #1: stderr all=off uptime,level,tags

Environment Variables:
JAVA_HOME=C:\Program Files\Java\jdk-12.0.1
PATH=C:\Program Files (x86)\Common Files\Oracle\Java\javapath;C:\ProgramData\Oracle\Java\javapath;C:\Program Files (x86)\Intel\iCLS Client\;C:\Program Files\Intel\iCLS Client\;C:\Windows\system32;C:\Windows;C:\Windows\System32\Wbem;C:\Windows\System32\WindowsPowerShell\v1.0\;C:\Program Files (x86)\Intel\Intel(R) Management Engine Components\DAL;C:\Program Files\Intel\Intel(R) Management Engine Components\DAL;C:\Program Files (x86)\Intel\Intel(R) Management Engine Components\IPT;C:\Program Files\Intel\Intel(R) Management Engine Components\IPT;C:\Program Files\Common Files\ThinPrint\;C:\Program Files\dotnet\;C:\Program Files\Microsoft SQL Server\130\Tools\Binn\;C:\Program Files (x86)\Microsoft SQL Server\Client SDK\ODBC\110\Tools\Binn\;C:\Program Files (x86)\Microsoft SQL Server\120\Tools\Binn\ManagementStudio\;C:\Program Files (x86)\Microsoft SQL Server\120\Tools\Binn\;C:\Program Files (x86)\Microsoft SQL Server\120\DTS\Binn\;C:\Program Files\Java\jdk-12.0.1\bin;C:\Tools\apache-maven-3.6.1\bin;C:\Program Files\Git\cmd;C:\Program Files\PuTTY\;C:\Users\Dobrynin\AppData\Local\GitHubDesktop\bin;C:\Users\Dobrynin\AppData\Local\atom\bin;C:\Program Files\Java\jdk-12.0.1\ bin;C:\Tools\apache-maven-3.6.1\ bin;% PATH%;
USERNAME=Dobrynin
OS=Windows_NT
PROCESSOR_IDENTIFIER=Intel64 Family 6 Model 158 Stepping 9, GenuineIntel



---------------  S Y S T E M  ---------------

OS: Windows 7 , 64 bit Build 7601 (6.1.7601.24441)

CPU:total 4 (initial active 4) (4 cores per cpu, 1 threads per core) family 6 model 158 stepping 9, cmov, cx8, fxsr, mmx, sse, sse2, sse3, ssse3, sse4.1, sse4.2, popcnt, avx, avx2, aes, clmul, erms, rtm, 3dnowpref, lzcnt, tsc, tscinvbit, bmi1, bmi2, adx, fma

Memory: 4k page, system-wide physical 8060M (193M free)
TotalPageFile size 28252M (AvailPageFile size 2159M)
current process WorkingSet (physical memory assigned to process): 13M, peak: 76M
current process commit charge ("private bytes"): 230M, peak: 235M

vm_info: Java HotSpot(TM) 64-Bit Server VM (12.0.1+12) for windows-amd64 JRE (12.0.1+12), built on Apr  2 2019 14:02:19 by "mach5one" with MS VC++ 15.5 (VS2017)

END.
